{"level":"\u001b[31merror\u001b[39m","message":"\u001b[31mMongoDB connection failed (attempt 1/5): The `uri` parameter to `openUri()` must be a string, got \"undefined\". Make sure the first parameter to `mongoose.connect()` or `mongoose.createConnection()` is a string.\u001b[39m","timestamp":"17:37:04"}
{"level":"\u001b[32minfo\u001b[39m","message":"\u001b[32mRetrying in 2s…\u001b[39m","timestamp":"17:37:04"}
{"level":"\u001b[31merror\u001b[39m","message":"\u001b[31mMongoDB runtime error: The `uri` parameter to `openUri()` must be a string, got \"undefined\". Make sure the first parameter to `mongoose.connect()` or `mongoose.createConnection()` is a string.\u001b[39m","timestamp":"17:37:04"}
{"level":"\u001b[32minfo\u001b[39m","message":"\u001b[32mMedPredict API running on port 8000 [development]\u001b[39m","timestamp":"17:37:04"}
{"level":"\u001b[32minfo\u001b[39m","message":"\u001b[32mHealth check → http://localhost:8000/health\u001b[39m","timestamp":"17:37:04"}
{"level":"\u001b[31merror\u001b[39m","message":"\u001b[31mMongoDB connection failed (attempt 2/5): The `uri` parameter to `openUri()` must be a string, got \"undefined\". Make sure the first parameter to `mongoose.connect()` or `mongoose.createConnection()` is a string.\u001b[39m","timestamp":"17:37:06"}
{"level":"\u001b[32minfo\u001b[39m","message":"\u001b[32mRetrying in 4s…\u001b[39m","timestamp":"17:37:06"}
{"level":"\u001b[31merror\u001b[39m","message":"\u001b[31mMongoDB runtime error: The `uri` parameter to `openUri()` must be a string, got \"undefined\". Make sure the first parameter to `mongoose.connect()` or `mongoose.createConnection()` is a string.\u001b[39m","timestamp":"17:37:06"}
{"level":"\u001b[31merror\u001b[39m","message":"\u001b[31mMongoDB connection failed (attempt 3/5): The `uri` parameter to `openUri()` must be a string, got \"undefined\". Make sure the first parameter to `mongoose.connect()` or `mongoose.createConnection()` is a string.\u001b[39m","timestamp":"17:37:10"}
{"level":"\u001b[32minfo\u001b[39m","message":"\u001b[32mRetrying in 8s…\u001b[39m","timestamp":"17:37:10"}
{"level":"\u001b[31merror\u001b[39m","message":"\u001b[31mMongoDB runtime error: The `uri` parameter to `openUri()` must be a string, got \"undefined\". Make sure the first parameter to `mongoose.connect()` or `mongoose.createConnection()` is a string.\u001b[39m","timestamp":"17:37:10"}
{"level":"\u001b[31merror\u001b[39m","message":"\u001b[31mMongoDB connection failed (attempt 4/5): The `uri` parameter to `openUri()` must be a string, got \"undefined\". Make sure the first parameter to `mongoose.connect()` or `mongoose.createConnection()` is a string.\u001b[39m","timestamp":"17:37:18"}
{"level":"\u001b[32minfo\u001b[39m","message":"\u001b[32mRetrying in 16s…\u001b[39m","timestamp":"17:37:18"}
{"level":"\u001b[31merror\u001b[39m","message":"\u001b[31mMongoDB runtime error: The `uri` parameter to `openUri()` must be a string, got \"undefined\". Make sure the first parameter to `mongoose.connect()` or `mongoose.createConnection()` is a string.\u001b[39m","timestamp":"17:37:18"}
{"level":"\u001b[31merror\u001b[39m","message":"\u001b[31mMongoDB connection failed (attempt 5/5): The `uri` parameter to `openUri()` must be a string, got \"undefined\". Make sure the first parameter to `mongoose.connect()` or `mongoose.createConnection()` is a string.\u001b[39m","timestamp":"17:37:34"}
{"level":"\u001b[32minfo\u001b[39m","message":"\u001b[32mMongoDB connected: ac-9rf7rpu-shard-00-00.7vdtiqm.mongodb.net\u001b[39m","timestamp":"17:44:09"}
{"level":"\u001b[32minfo\u001b[39m","message":"\u001b[32mMedPredict API running on port 8000 [development]\u001b[39m","timestamp":"17:44:09"}
{"level":"\u001b[32minfo\u001b[39m","message":"\u001b[32mHealth check → http://localhost:8000/health\u001b[39m","timestamp":"17:44:09"}
{"level":"\u001b[34mdebug\u001b[39m","message":"\u001b[34m→ Flask GET http://127.0.0.1:5000/health\u001b[39m","timestamp":"17:44:17"}
{"level":"\u001b[31merror\u001b[39m","message":"\u001b[31mFlask ML service is unreachable (ECONNREFUSED)\u001b[39m","timestamp":"17:44:17"}
{"level":"\u001b[34mdebug\u001b[39m","message":"\u001b[34mHealth check — mongo: connected, flask: unreachable\u001b[39m","timestamp":"17:44:17"}
{"level":"\u001b[32mhttp\u001b[39m","message":"\u001b[32m\u001b[0mGET /health \u001b[31m503\u001b[0m 49.316 ms - 135\u001b[0m\u001b[39m","timestamp":"17:44:17"}
{"level":"\u001b[31merror\u001b[39m","message":"\u001b[31mOPTIONS /api/stroke → 500 CORS policy: origin \"http://localhost:5173\" not allowed\u001b[39m","stack":"Error: CORS policy: origin \"http://localhost:5173\" not allowed\n    at origin (file:///C:/Users/manya/Downloads/medpredict/server/src/app.js:29:8)\n    at C:\\Users\\manya\\Downloads\\medpredict\\server\\node_modules\\cors\\lib\\index.js:219:13\n    at optionsCallback (C:\\Users\\manya\\Downloads\\medpredict\\server\\node_modules\\cors\\lib\\index.js:199:9)\n    at corsMiddleware (C:\\Users\\manya\\Downloads\\medpredict\\server\\node_modules\\cors\\lib\\index.js:204:7)\n    at Layer.handle [as handle_request] (C:\\Users\\manya\\Downloads\\medpredict\\server\\node_modules\\express\\lib\\router\\layer.js:95:5)\n    at trim_prefix (C:\\Users\\manya\\Downloads\\medpredict\\server\\node_modules\\express\\lib\\router\\index.js:328:13)\n    at C:\\Users\\manya\\Downloads\\medpredict\\server\\node_modules\\express\\lib\\router\\index.js:286:9\n    at Function.process_params (C:\\Users\\manya\\Downloads\\medpredict\\server\\node_modules\\express\\lib\\router\\index.js:346:12)\n    at next (C:\\Users\\manya\\Downloads\\medpredict\\server\\node_modules\\express\\lib\\router\\index.js:280:10)\n    at internalNext (file:///C:/Users/manya/Downloads/medpredict/server/node_modules/helmet/index.mjs:533:6)","timestamp":"17:51:46"}
{"level":"\u001b[31merror\u001b[39m","message":"\u001b[31mOPTIONS /api/stroke → 500 CORS policy: origin \"http://localhost:5174\" not allowed\u001b[39m","stack":"Error: CORS policy: origin \"http://localhost:5174\" not allowed\n    at origin (file:///C:/Users/manya/Downloads/medpredict/server/src/app.js:29:8)\n    at C:\\Users\\manya\\Downloads\\medpredict\\server\\node_modules\\cors\\lib\\index.js:219:13\n    at optionsCallback (C:\\Users\\manya\\Downloads\\medpredict\\server\\node_modules\\cors\\lib\\index.js:199:9)\n    at corsMiddleware (C:\\Users\\manya\\Downloads\\medpredict\\server\\node_modules\\cors\\lib\\index.js:204:7)\n    at Layer.handle [as handle_request] (C:\\Users\\manya\\Downloads\\medpredict\\server\\node_modules\\express\\lib\\router\\layer.js:95:5)\n    at trim_prefix (C:\\Users\\manya\\Downloads\\medpredict\\server\\node_modules\\express\\lib\\router\\index.js:328:13)\n    at C:\\Users\\manya\\Downloads\\medpredict\\server\\node_modules\\express\\lib\\router\\index.js:286:9\n    at Function.process_params (C:\\Users\\manya\\Downloads\\medpredict\\server\\node_modules\\express\\lib\\router\\index.js:346:12)\n    at next (C:\\Users\\manya\\Downloads\\medpredict\\server\\node_modules\\express\\lib\\router\\index.js:280:10)\n    at internalNext (file:///C:/Users/manya/Downloads/medpredict/server/node_modules/helmet/index.mjs:533:6)","timestamp":"17:52:36"}
{"level":"\u001b[31merror\u001b[39m","message":"\u001b[31mOPTIONS /api/stroke → 500 CORS policy: origin \"http://localhost:5174\" not allowed\u001b[39m","stack":"Error: CORS policy: origin \"http://localhost:5174\" not allowed\n    at origin (file:///C:/Users/manya/Downloads/medpredict/server/src/app.js:29:8)\n    at C:\\Users\\manya\\Downloads\\medpredict\\server\\node_modules\\cors\\lib\\index.js:219:13\n    at optionsCallback (C:\\Users\\manya\\Downloads\\medpredict\\server\\node_modules\\cors\\lib\\index.js:199:9)\n    at corsMiddleware (C:\\Users\\manya\\Downloads\\medpredict\\server\\node_modules\\cors\\lib\\index.js:204:7)\n    at Layer.handle [as handle_request] (C:\\Users\\manya\\Downloads\\medpredict\\server\\node_modules\\express\\lib\\router\\layer.js:95:5)\n    at trim_prefix (C:\\Users\\manya\\Downloads\\medpredict\\server\\node_modules\\express\\lib\\router\\index.js:328:13)\n    at C:\\Users\\manya\\Downloads\\medpredict\\server\\node_modules\\express\\lib\\router\\index.js:286:9\n    at Function.process_params (C:\\Users\\manya\\Downloads\\medpredict\\server\\node_modules\\express\\lib\\router\\index.js:346:12)\n    at next (C:\\Users\\manya\\Downloads\\medpredict\\server\\node_modules\\express\\lib\\router\\index.js:280:10)\n    at internalNext (file:///C:/Users/manya/Downloads/medpredict/server/node_modules/helmet/index.mjs:533:6)","timestamp":"17:56:24"}
{"level":"\u001b[31merror\u001b[39m","message":"\u001b[31mOPTIONS /api/stroke → 500 CORS policy: origin \"http://localhost:5173\" not allowed\u001b[39m","stack":"Error: CORS policy: origin \"http://localhost:5173\" not allowed\n    at origin (file:///C:/Users/manya/Downloads/medpredict/server/src/app.js:29:8)\n    at C:\\Users\\manya\\Downloads\\medpredict\\server\\node_modules\\cors\\lib\\index.js:219:13\n    at optionsCallback (C:\\Users\\manya\\Downloads\\medpredict\\server\\node_modules\\cors\\lib\\index.js:199:9)\n    at corsMiddleware (C:\\Users\\manya\\Downloads\\medpredict\\server\\node_modules\\cors\\lib\\index.js:204:7)\n    at Layer.handle [as handle_request] (C:\\Users\\manya\\Downloads\\medpredict\\server\\node_modules\\express\\lib\\router\\layer.js:95:5)\n    at trim_prefix (C:\\Users\\manya\\Downloads\\medpredict\\server\\node_modules\\express\\lib\\router\\index.js:328:13)\n    at C:\\Users\\manya\\Downloads\\medpredict\\server\\node_modules\\express\\lib\\router\\index.js:286:9\n    at Function.process_params (C:\\Users\\manya\\Downloads\\medpredict\\server\\node_modules\\express\\lib\\router\\index.js:346:12)\n    at next (C:\\Users\\manya\\Downloads\\medpredict\\server\\node_modules\\express\\lib\\router\\index.js:280:10)\n    at internalNext (file:///C:/Users/manya/Downloads/medpredict/server/node_modules/helmet/index.mjs:533:6)","timestamp":"18:00:07"}
{"level":"\u001b[31merror\u001b[39m","message":"\u001b[31mOPTIONS /api/stroke → 500 CORS policy: origin \"http://localhost:5174\" not allowed\u001b[39m","stack":"Error: CORS policy: origin \"http://localhost:5174\" not allowed\n    at origin (file:///C:/Users/manya/Downloads/medpredict/server/src/app.js:29:8)\n    at C:\\Users\\manya\\Downloads\\medpredict\\server\\node_modules\\cors\\lib\\index.js:219:13\n    at optionsCallback (C:\\Users\\manya\\Downloads\\medpredict\\server\\node_modules\\cors\\lib\\index.js:199:9)\n    at corsMiddleware (C:\\Users\\manya\\Downloads\\medpredict\\server\\node_modules\\cors\\lib\\index.js:204:7)\n    at Layer.handle [as handle_request] (C:\\Users\\manya\\Downloads\\medpredict\\server\\node_modules\\express\\lib\\router\\layer.js:95:5)\n    at trim_prefix (C:\\Users\\manya\\Downloads\\medpredict\\server\\node_modules\\express\\lib\\router\\index.js:328:13)\n    at C:\\Users\\manya\\Downloads\\medpredict\\server\\node_modules\\express\\lib\\router\\index.js:286:9\n    at Function.process_params (C:\\Users\\manya\\Downloads\\medpredict\\server\\node_modules\\express\\lib\\router\\index.js:346:12)\n    at next (C:\\Users\\manya\\Downloads\\medpredict\\server\\node_modules\\express\\lib\\router\\index.js:280:10)\n    at internalNext (file:///C:/Users/manya/Downloads/medpredict/server/node_modules/helmet/index.mjs:533:6)","timestamp":"18:00:50"}
{"level":"\u001b[31merror\u001b[39m","message":"\u001b[31mOPTIONS /api/stroke → 500 CORS policy: origin \"http://localhost:5174\" not allowed\u001b[39m","stack":"Error: CORS policy: origin \"http://localhost:5174\" not allowed\n    at origin (file:///C:/Users/manya/Downloads/medpredict/server/src/app.js:29:8)\n    at C:\\Users\\manya\\Downloads\\medpredict\\server\\node_modules\\cors\\lib\\index.js:219:13\n    at optionsCallback (C:\\Users\\manya\\Downloads\\medpredict\\server\\node_modules\\cors\\lib\\index.js:199:9)\n    at corsMiddleware (C:\\Users\\manya\\Downloads\\medpredict\\server\\node_modules\\cors\\lib\\index.js:204:7)\n    at Layer.handle [as handle_request] (C:\\Users\\manya\\Downloads\\medpredict\\server\\node_modules\\express\\lib\\router\\layer.js:95:5)\n    at trim_prefix (C:\\Users\\manya\\Downloads\\medpredict\\server\\node_modules\\express\\lib\\router\\index.js:328:13)\n    at C:\\Users\\manya\\Downloads\\medpredict\\server\\node_modules\\express\\lib\\router\\index.js:286:9\n    at Function.process_params (C:\\Users\\manya\\Downloads\\medpredict\\server\\node_modules\\express\\lib\\router\\index.js:346:12)\n    at next (C:\\Users\\manya\\Downloads\\medpredict\\server\\node_modules\\express\\lib\\router\\index.js:280:10)\n    at internalNext (file:///C:/Users/manya/Downloads/medpredict/server/node_modules/helmet/index.mjs:533:6)","timestamp":"18:01:02"}
{"level":"\u001b[32minfo\u001b[39m","message":"\u001b[32mSIGINT received — shutting down gracefully…\u001b[39m","timestamp":"18:01:17"}
{"level":"\u001b[32minfo\u001b[39m","message":"\u001b[32mMongoDB connected: ac-9rf7rpu-shard-00-00.7vdtiqm.mongodb.net\u001b[39m","timestamp":"18:01:24"}
{"level":"\u001b[32minfo\u001b[39m","message":"\u001b[32mMedPredict API running on port 8000 [development]\u001b[39m","timestamp":"18:01:24"}
{"level":"\u001b[32minfo\u001b[39m","message":"\u001b[32mHealth check → http://localhost:8000/health\u001b[39m","timestamp":"18:01:24"}
{"level":"\u001b[31merror\u001b[39m","message":"\u001b[31mOPTIONS /api/stroke → 500 CORS policy: origin \"http://localhost:5173\" not allowed\u001b[39m","stack":"Error: CORS policy: origin \"http://localhost:5173\" not allowed\n    at origin (file:///C:/Users/manya/Downloads/medpredict/server/src/app.js:29:8)\n    at C:\\Users\\manya\\Downloads\\medpredict\\server\\node_modules\\cors\\lib\\index.js:219:13\n    at optionsCallback (C:\\Users\\manya\\Downloads\\medpredict\\server\\node_modules\\cors\\lib\\index.js:199:9)\n    at corsMiddleware (C:\\Users\\manya\\Downloads\\medpredict\\server\\node_modules\\cors\\lib\\index.js:204:7)\n    at Layer.handle [as handle_request] (C:\\Users\\manya\\Downloads\\medpredict\\server\\node_modules\\express\\lib\\router\\layer.js:95:5)\n    at trim_prefix (C:\\Users\\manya\\Downloads\\medpredict\\server\\node_modules\\express\\lib\\router\\index.js:328:13)\n    at C:\\Users\\manya\\Downloads\\medpredict\\server\\node_modules\\express\\lib\\router\\index.js:286:9\n    at Function.process_params (C:\\Users\\manya\\Downloads\\medpredict\\server\\node_modules\\express\\lib\\router\\index.js:346:12)\n    at next (C:\\Users\\manya\\Downloads\\medpredict\\server\\node_modules\\express\\lib\\router\\index.js:280:10)\n    at internalNext (file:///C:/Users/manya/Downloads/medpredict/server/node_modules/helmet/index.mjs:533:6)","timestamp":"18:01:44"}
{"level":"\u001b[31merror\u001b[39m","message":"\u001b[31mOPTIONS /api/stroke → 500 CORS policy: origin \"http://localhost:5174\" not allowed\u001b[39m","stack":"Error: CORS policy: origin \"http://localhost:5174\" not allowed\n    at origin (file:///C:/Users/manya/Downloads/medpredict/server/src/app.js:29:8)\n    at C:\\Users\\manya\\Downloads\\medpredict\\server\\node_modules\\cors\\lib\\index.js:219:13\n    at optionsCallback (C:\\Users\\manya\\Downloads\\medpredict\\server\\node_modules\\cors\\lib\\index.js:199:9)\n    at corsMiddleware (C:\\Users\\manya\\Downloads\\medpredict\\server\\node_modules\\cors\\lib\\index.js:204:7)\n    at Layer.handle [as handle_request] (C:\\Users\\manya\\Downloads\\medpredict\\server\\node_modules\\express\\lib\\router\\layer.js:95:5)\n    at trim_prefix (C:\\Users\\manya\\Downloads\\medpredict\\server\\node_modules\\express\\lib\\router\\index.js:328:13)\n    at C:\\Users\\manya\\Downloads\\medpredict\\server\\node_modules\\express\\lib\\router\\index.js:286:9\n    at Function.process_params (C:\\Users\\manya\\Downloads\\medpredict\\server\\node_modules\\express\\lib\\router\\index.js:346:12)\n    at next (C:\\Users\\manya\\Downloads\\medpredict\\server\\node_modules\\express\\lib\\router\\index.js:280:10)\n    at internalNext (file:///C:/Users/manya/Downloads/medpredict/server/node_modules/helmet/index.mjs:533:6)","timestamp":"18:01:51"}
{"level":"\u001b[32minfo\u001b[39m","message":"\u001b[32mMongoDB connected: ac-9rf7rpu-shard-00-01.7vdtiqm.mongodb.net\u001b[39m","timestamp":"18:05:34"}
{"level":"\u001b[32minfo\u001b[39m","message":"\u001b[32mMedPredict API running on port 8000 [development]\u001b[39m","timestamp":"18:05:34"}
{"level":"\u001b[32minfo\u001b[39m","message":"\u001b[32mHealth check → http://localhost:8000/health\u001b[39m","timestamp":"18:05:34"}
{"level":"\u001b[32minfo\u001b[39m","message":"\u001b[32mSIGINT received — shutting down gracefully…\u001b[39m","timestamp":"18:05:43"}
{"level":"\u001b[32minfo\u001b[39m","message":"\u001b[32mMongoDB connected: ac-9rf7rpu-shard-00-02.7vdtiqm.mongodb.net\u001b[39m","timestamp":"18:05:49"}
{"level":"\u001b[32minfo\u001b[39m","message":"\u001b[32mMedPredict API running on port 8000 [development]\u001b[39m","timestamp":"18:05:49"}
{"level":"\u001b[32minfo\u001b[39m","message":"\u001b[32mHealth check → http://localhost:8000/health\u001b[39m","timestamp":"18:05:49"}
{"level":"\u001b[34mdebug\u001b[39m","message":"\u001b[34m→ Flask POST http://127.0.0.1:5000/predict/stroke\u001b[39m","timestamp":"18:06:17"}
{"level":"\u001b[34mdebug\u001b[39m","message":"\u001b[34m← Flask 200 /predict/stroke\u001b[39m","timestamp":"18:06:17"}
{"level":"\u001b[32minfo\u001b[39m","message":"\u001b[32mML prediction complete — disease: stroke, prediction: 1, risk: 0.8424, latency: 609ms\u001b[39m","timestamp":"18:06:17"}
{"level":"\u001b[32minfo\u001b[39m","message":"\u001b[32mPrediction saved — id: 69d25741135607932b09275e, disease: stroke\u001b[39m","timestamp":"18:06:17"}
{"level":"\u001b[32mhttp\u001b[39m","message":"\u001b[32m\u001b[0mPOST /api/stroke \u001b[32m201\u001b[0m 725.985 ms - 269\u001b[0m\u001b[39m","timestamp":"18:06:17"}
{"level":"\u001b[34mdebug\u001b[39m","message":"\u001b[34m→ Flask POST http://127.0.0.1:5000/predict/diabetes\u001b[39m","timestamp":"18:06:33"}
{"level":"\u001b[34mdebug\u001b[39m","message":"\u001b[34m← Flask 200 /predict/diabetes\u001b[39m","timestamp":"18:06:33"}
{"level":"\u001b[32minfo\u001b[39m","message":"\u001b[32mML prediction complete — disease: diabetes, prediction: 1, risk: 0.9900, latency: 140ms\u001b[39m","timestamp":"18:06:33"}
{"level":"\u001b[32minfo\u001b[39m","message":"\u001b[32mPrediction saved — id: 69d25751135607932b092760, disease: diabetes\u001b[39m","timestamp":"18:06:33"}
{"level":"\u001b[32mhttp\u001b[39m","message":"\u001b[32m\u001b[0mPOST /api/diabetes \u001b[32m201\u001b[0m 911.983 ms - 266\u001b[0m\u001b[39m","timestamp":"18:06:33"}
{"level":"\u001b[34mdebug\u001b[39m","message":"\u001b[34m→ Flask POST http://127.0.0.1:5000/predict/stroke\u001b[39m","timestamp":"18:06:43"}
{"level":"\u001b[34mdebug\u001b[39m","message":"\u001b[34m← Flask 200 /predict/stroke\u001b[39m","timestamp":"18:06:43"}
{"level":"\u001b[32minfo\u001b[39m","message":"\u001b[32mML prediction complete — disease: stroke, prediction: 1, risk: 0.8424, latency: 15ms\u001b[39m","timestamp":"18:06:43"}
{"level":"\u001b[32minfo\u001b[39m","message":"\u001b[32mPrediction saved — id: 69d2575b135607932b092762, disease: stroke\u001b[39m","timestamp":"18:06:43"}
{"level":"\u001b[32mhttp\u001b[39m","message":"\u001b[32m\u001b[0mPOST /api/stroke \u001b[32m201\u001b[0m 195.040 ms - 269\u001b[0m\u001b[39m","timestamp":"18:06:43"}
{"level":"\u001b[33mwarn\u001b[39m","message":"\u001b[33mMongoDB disconnected — attempting reconnect…\u001b[39m","timestamp":"21:27:09"}
{"level":"\u001b[32minfo\u001b[39m","message":"\u001b[32mMongoDB connected: ac-9rf7rpu-shard-00-02.7vdtiqm.mongodb.net\u001b[39m","timestamp":"21:27:12"}
{"level":"\u001b[34mdebug\u001b[39m","message":"\u001b[34m→ Flask POST http://127.0.0.1:5000/predict/diabetes\u001b[39m","timestamp":"21:29:22"}
{"level":"\u001b[34mdebug\u001b[39m","message":"\u001b[34m← Flask 200 /predict/diabetes\u001b[39m","timestamp":"21:29:23"}
{"level":"\u001b[32minfo\u001b[39m","message":"\u001b[32mML prediction complete — disease: diabetes, prediction: 0, risk: 0.0100, latency: 483ms\u001b[39m","timestamp":"21:29:23"}
{"level":"\u001b[32minfo\u001b[39m","message":"\u001b[32mPrediction saved — id: 69d286db135607932b092764, disease: diabetes\u001b[39m","timestamp":"21:29:23"}
{"level":"\u001b[32mhttp\u001b[39m","message":"\u001b[32m\u001b[0mPOST /api/diabetes \u001b[32m201\u001b[0m 568.906 ms - 265\u001b[0m\u001b[39m","timestamp":"21:29:23"}
{"level":"\u001b[33mwarn\u001b[39m","message":"\u001b[33mMongoDB disconnected — attempting reconnect…\u001b[39m","timestamp":"23:49:52"}
{"level":"\u001b[32minfo\u001b[39m","message":"\u001b[32mMongoDB connected: ac-9rf7rpu-shard-00-00.7vdtiqm.mongodb.net\u001b[39m","timestamp":"23:49:53"}
{"level":"\u001b[33mwarn\u001b[39m","message":"\u001b[33mMongoDB disconnected — attempting reconnect…\u001b[39m","timestamp":"14:24:42"}
{"level":"\u001b[33mwarn\u001b[39m","message":"\u001b[33mMongoDB disconnected — attempting reconnect…\u001b[39m","timestamp":"14:26:05"}
{"level":"\u001b[31merror\u001b[39m","message":"\u001b[31mMongoDB connection failed (attempt 1/5): querySrv ETIMEOUT _mongodb._tcp.cluster0.7vdtiqm.mongodb.net\u001b[39m","timestamp":"14:26:05"}
{"level":"\u001b[32minfo\u001b[39m","message":"\u001b[32mRetrying in 2s…\u001b[39m","timestamp":"14:26:05"}
{"level":"\u001b[31merror\u001b[39m","message":"\u001b[31mMongoDB runtime error: querySrv ETIMEOUT _mongodb._tcp.cluster0.7vdtiqm.mongodb.net\u001b[39m","timestamp":"14:26:05"}
{"level":"\u001b[32minfo\u001b[39m","message":"\u001b[32mMongoDB connected: ac-9rf7rpu-shard-00-00.7vdtiqm.mongodb.net\u001b[39m","timestamp":"14:26:07"}
{"level":"\u001b[33mwarn\u001b[39m","message":"\u001b[33mMongoDB disconnected — attempting reconnect…\u001b[39m","timestamp":"14:27:20"}
{"level":"\u001b[31merror\u001b[39m","message":"\u001b[31mMongoDB connection failed (attempt 1/5): querySrv ETIMEOUT _mongodb._tcp.cluster0.7vdtiqm.mongodb.net\u001b[39m","timestamp":"14:27:20"}
{"level":"\u001b[32minfo\u001b[39m","message":"\u001b[32mRetrying in 2s…\u001b[39m","timestamp":"14:27:20"}
{"level":"\u001b[31merror\u001b[39m","message":"\u001b[31mMongoDB runtime error: querySrv ETIMEOUT _mongodb._tcp.cluster0.7vdtiqm.mongodb.net\u001b[39m","timestamp":"14:27:20"}
{"level":"\u001b[32minfo\u001b[39m","message":"\u001b[32mMongoDB connected: ac-9rf7rpu-shard-00-00.7vdtiqm.mongodb.net\u001b[39m","timestamp":"14:27:22"}
{"level":"\u001b[33mwarn\u001b[39m","message":"\u001b[33mMongoDB disconnected — attempting reconnect…\u001b[39m","timestamp":"14:28:37"}
{"level":"\u001b[31merror\u001b[39m","message":"\u001b[31mMongoDB connection failed (attempt 1/5): querySrv ETIMEOUT _mongodb._tcp.cluster0.7vdtiqm.mongodb.net\u001b[39m","timestamp":"14:28:37"}
{"level":"\u001b[32minfo\u001b[39m","message":"\u001b[32mRetrying in 2s…\u001b[39m","timestamp":"14:28:37"}
{"level":"\u001b[31merror\u001b[39m","message":"\u001b[31mMongoDB runtime error: querySrv ETIMEOUT _mongodb._tcp.cluster0.7vdtiqm.mongodb.net\u001b[39m","timestamp":"14:28:37"}
{"level":"\u001b[32minfo\u001b[39m","message":"\u001b[32mMongoDB connected: ac-9rf7rpu-shard-00-00.7vdtiqm.mongodb.net\u001b[39m","timestamp":"14:28:39"}
{"level":"\u001b[33mwarn\u001b[39m","message":"\u001b[33mMongoDB disconnected — attempting reconnect…\u001b[39m","timestamp":"14:29:54"}
{"level":"\u001b[31merror\u001b[39m","message":"\u001b[31mMongoDB connection failed (attempt 1/5): querySrv ETIMEOUT _mongodb._tcp.cluster0.7vdtiqm.mongodb.net\u001b[39m","timestamp":"14:29:54"}
{"level":"\u001b[32minfo\u001b[39m","message":"\u001b[32mRetrying in 2s…\u001b[39m","timestamp":"14:29:54"}
{"level":"\u001b[31merror\u001b[39m","message":"\u001b[31mMongoDB runtime error: querySrv ETIMEOUT _mongodb._tcp.cluster0.7vdtiqm.mongodb.net\u001b[39m","timestamp":"14:29:54"}
{"level":"\u001b[32minfo\u001b[39m","message":"\u001b[32mMongoDB connected: ac-9rf7rpu-shard-00-00.7vdtiqm.mongodb.net\u001b[39m","timestamp":"14:29:56"}
{"level":"\u001b[33mwarn\u001b[39m","message":"\u001b[33mMongoDB disconnected — attempting reconnect…\u001b[39m","timestamp":"14:31:15"}
{"level":"\u001b[31merror\u001b[39m","message":"\u001b[31mMongoDB connection failed (attempt 1/5): querySrv ETIMEOUT _mongodb._tcp.cluster0.7vdtiqm.mongodb.net\u001b[39m","timestamp":"14:31:15"}
{"level":"\u001b[32minfo\u001b[39m","message":"\u001b[32mRetrying in 2s…\u001b[39m","timestamp":"14:31:15"}
{"level":"\u001b[31merror\u001b[39m","message":"\u001b[31mMongoDB runtime error: querySrv ETIMEOUT _mongodb._tcp.cluster0.7vdtiqm.mongodb.net\u001b[39m","timestamp":"14:31:15"}
{"level":"\u001b[32minfo\u001b[39m","message":"\u001b[32mMongoDB connected: ac-9rf7rpu-shard-00-00.7vdtiqm.mongodb.net\u001b[39m","timestamp":"14:31:17"}
{"level":"\u001b[33mwarn\u001b[39m","message":"\u001b[33mMongoDB disconnected — attempting reconnect…\u001b[39m","timestamp":"14:32:32"}
{"level":"\u001b[31merror\u001b[39m","message":"\u001b[31mMongoDB connection failed (attempt 1/5): querySrv ETIMEOUT _mongodb._tcp.cluster0.7vdtiqm.mongodb.net\u001b[39m","timestamp":"14:32:32"}
{"level":"\u001b[32minfo\u001b[39m","message":"\u001b[32mRetrying in 2s…\u001b[39m","timestamp":"14:32:32"}
{"level":"\u001b[31merror\u001b[39m","message":"\u001b[31mMongoDB runtime error: querySrv ETIMEOUT _mongodb._tcp.cluster0.7vdtiqm.mongodb.net\u001b[39m","timestamp":"14:32:32"}
{"level":"\u001b[32minfo\u001b[39m","message":"\u001b[32mMongoDB connected: ac-9rf7rpu-shard-00-00.7vdtiqm.mongodb.net\u001b[39m","timestamp":"14:32:34"}
{"level":"\u001b[33mwarn\u001b[39m","message":"\u001b[33mMongoDB disconnected — attempting reconnect…\u001b[39m","timestamp":"14:33:49"}
{"level":"\u001b[31merror\u001b[39m","message":"\u001b[31mMongoDB connection failed (attempt 1/5): querySrv ETIMEOUT _mongodb._tcp.cluster0.7vdtiqm.mongodb.net\u001b[39m","timestamp":"14:33:49"}
{"level":"\u001b[32minfo\u001b[39m","message":"\u001b[32mRetrying in 2s…\u001b[39m","timestamp":"14:33:49"}
{"level":"\u001b[31merror\u001b[39m","message":"\u001b[31mMongoDB runtime error: querySrv ETIMEOUT _mongodb._tcp.cluster0.7vdtiqm.mongodb.net\u001b[39m","timestamp":"14:33:49"}
{"level":"\u001b[32minfo\u001b[39m","message":"\u001b[32mMongoDB connected: ac-9rf7rpu-shard-00-00.7vdtiqm.mongodb.net\u001b[39m","timestamp":"14:33:51"}
{"level":"\u001b[33mwarn\u001b[39m","message":"\u001b[33mMongoDB disconnected — attempting reconnect…\u001b[39m","timestamp":"14:35:10"}
{"level":"\u001b[31merror\u001b[39m","message":"\u001b[31mMongoDB connection failed (attempt 1/5): querySrv ETIMEOUT _mongodb._tcp.cluster0.7vdtiqm.mongodb.net\u001b[39m","timestamp":"14:35:10"}
{"level":"\u001b[32minfo\u001b[39m","message":"\u001b[32mRetrying in 2s…\u001b[39m","timestamp":"14:35:10"}
{"level":"\u001b[31merror\u001b[39m","message":"\u001b[31mMongoDB runtime error: querySrv ETIMEOUT _mongodb._tcp.cluster0.7vdtiqm.mongodb.net\u001b[39m","timestamp":"14:35:10"}
{"level":"\u001b[32minfo\u001b[39m","message":"\u001b[32mMongoDB connected: ac-9rf7rpu-shard-00-00.7vdtiqm.mongodb.net\u001b[39m","timestamp":"14:35:12"}
{"level":"\u001b[33mwarn\u001b[39m","message":"\u001b[33mMongoDB disconnected — attempting reconnect…\u001b[39m","timestamp":"14:36:28"}
{"level":"\u001b[31merror\u001b[39m","message":"\u001b[31mMongoDB connection failed (attempt 1/5): querySrv ETIMEOUT _mongodb._tcp.cluster0.7vdtiqm.mongodb.net\u001b[39m","timestamp":"14:36:28"}
{"level":"\u001b[32minfo\u001b[39m","message":"\u001b[32mRetrying in 2s…\u001b[39m","timestamp":"14:36:28"}
{"level":"\u001b[31merror\u001b[39m","message":"\u001b[31mMongoDB runtime error: querySrv ETIMEOUT _mongodb._tcp.cluster0.7vdtiqm.mongodb.net\u001b[39m","timestamp":"14:36:28"}
{"level":"\u001b[32minfo\u001b[39m","message":"\u001b[32mMongoDB connected: ac-9rf7rpu-shard-00-00.7vdtiqm.mongodb.net\u001b[39m","timestamp":"14:36:30"}
{"level":"\u001b[33mwarn\u001b[39m","message":"\u001b[33mMongoDB disconnected — attempting reconnect…\u001b[39m","timestamp":"14:37:47"}
{"level":"\u001b[31merror\u001b[39m","message":"\u001b[31mMongoDB connection failed (attempt 1/5): querySrv ETIMEOUT _mongodb._tcp.cluster0.7vdtiqm.mongodb.net\u001b[39m","timestamp":"14:37:47"}
{"level":"\u001b[32minfo\u001b[39m","message":"\u001b[32mRetrying in 2s…\u001b[39m","timestamp":"14:37:47"}
{"level":"\u001b[31merror\u001b[39m","message":"\u001b[31mMongoDB runtime error: querySrv ETIMEOUT _mongodb._tcp.cluster0.7vdtiqm.mongodb.net\u001b[39m","timestamp":"14:37:47"}
{"level":"\u001b[32minfo\u001b[39m","message":"\u001b[32mMongoDB connected: ac-9rf7rpu-shard-00-00.7vdtiqm.mongodb.net\u001b[39m","timestamp":"14:37:49"}
{"level":"\u001b[33mwarn\u001b[39m","message":"\u001b[33mMongoDB disconnected — attempting reconnect…\u001b[39m","timestamp":"14:39:07"}
{"level":"\u001b[31merror\u001b[39m","message":"\u001b[31mMongoDB connection failed (attempt 1/5): querySrv ETIMEOUT _mongodb._tcp.cluster0.7vdtiqm.mongodb.net\u001b[39m","timestamp":"14:39:07"}
{"level":"\u001b[32minfo\u001b[39m","message":"\u001b[32mRetrying in 2s…\u001b[39m","timestamp":"14:39:07"}
{"level":"\u001b[31merror\u001b[39m","message":"\u001b[31mMongoDB runtime error: querySrv ETIMEOUT _mongodb._tcp.cluster0.7vdtiqm.mongodb.net\u001b[39m","timestamp":"14:39:07"}
{"level":"\u001b[32minfo\u001b[39m","message":"\u001b[32mMongoDB connected: ac-9rf7rpu-shard-00-00.7vdtiqm.mongodb.net\u001b[39m","timestamp":"14:39:09"}
{"level":"\u001b[33mwarn\u001b[39m","message":"\u001b[33mMongoDB disconnected — attempting reconnect…\u001b[39m","timestamp":"14:40:24"}
{"level":"\u001b[31merror\u001b[39m","message":"\u001b[31mMongoDB connection failed (attempt 1/5): querySrv ETIMEOUT _mongodb._tcp.cluster0.7vdtiqm.mongodb.net\u001b[39m","timestamp":"14:40:24"}
{"level":"\u001b[32minfo\u001b[39m","message":"\u001b[32mRetrying in 2s…\u001b[39m","timestamp":"14:40:24"}
{"level":"\u001b[31merror\u001b[39m","message":"\u001b[31mMongoDB runtime error: querySrv ETIMEOUT _mongodb._tcp.cluster0.7vdtiqm.mongodb.net\u001b[39m","timestamp":"14:40:24"}
{"level":"\u001b[32minfo\u001b[39m","message":"\u001b[32mMongoDB connected: ac-9rf7rpu-shard-00-00.7vdtiqm.mongodb.net\u001b[39m","timestamp":"14:40:26"}
{"level":"\u001b[33mwarn\u001b[39m","message":"\u001b[33mMongoDB disconnected — attempting reconnect…\u001b[39m","timestamp":"14:41:41"}
{"level":"\u001b[31merror\u001b[39m","message":"\u001b[31mMongoDB connection failed (attempt 1/5): querySrv ETIMEOUT _mongodb._tcp.cluster0.7vdtiqm.mongodb.net\u001b[39m","timestamp":"14:41:41"}
{"level":"\u001b[32minfo\u001b[39m","message":"\u001b[32mRetrying in 2s…\u001b[39m","timestamp":"14:41:41"}
{"level":"\u001b[31merror\u001b[39m","message":"\u001b[31mMongoDB runtime error: querySrv ETIMEOUT _mongodb._tcp.cluster0.7vdtiqm.mongodb.net\u001b[39m","timestamp":"14:41:41"}
{"level":"\u001b[32minfo\u001b[39m","message":"\u001b[32mMongoDB connected: ac-9rf7rpu-shard-00-00.7vdtiqm.mongodb.net\u001b[39m","timestamp":"14:41:43"}
{"level":"\u001b[33mwarn\u001b[39m","message":"\u001b[33mMongoDB disconnected — attempting reconnect…\u001b[39m","timestamp":"14:42:59"}
{"level":"\u001b[31merror\u001b[39m","message":"\u001b[31mMongoDB connection failed (attempt 1/5): querySrv ETIMEOUT _mongodb._tcp.cluster0.7vdtiqm.mongodb.net\u001b[39m","timestamp":"14:42:59"}
{"level":"\u001b[32minfo\u001b[39m","message":"\u001b[32mRetrying in 2s…\u001b[39m","timestamp":"14:42:59"}
{"level":"\u001b[31merror\u001b[39m","message":"\u001b[31mMongoDB runtime error: querySrv ETIMEOUT _mongodb._tcp.cluster0.7vdtiqm.mongodb.net\u001b[39m","timestamp":"14:42:59"}
{"level":"\u001b[32minfo\u001b[39m","message":"\u001b[32mMongoDB connected: ac-9rf7rpu-shard-00-00.7vdtiqm.mongodb.net\u001b[39m","timestamp":"14:43:01"}
{"level":"\u001b[33mwarn\u001b[39m","message":"\u001b[33mMongoDB disconnected — attempting reconnect…\u001b[39m","timestamp":"14:44:18"}
{"level":"\u001b[31merror\u001b[39m","message":"\u001b[31mMongoDB connection failed (attempt 1/5): querySrv ETIMEOUT _mongodb._tcp.cluster0.7vdtiqm.mongodb.net\u001b[39m","timestamp":"14:44:18"}
{"level":"\u001b[32minfo\u001b[39m","message":"\u001b[32mRetrying in 2s…\u001b[39m","timestamp":"14:44:18"}
{"level":"\u001b[31merror\u001b[39m","message":"\u001b[31mMongoDB runtime error: querySrv ETIMEOUT _mongodb._tcp.cluster0.7vdtiqm.mongodb.net\u001b[39m","timestamp":"14:44:18"}
{"level":"\u001b[32minfo\u001b[39m","message":"\u001b[32mMongoDB connected: ac-9rf7rpu-shard-00-00.7vdtiqm.mongodb.net\u001b[39m","timestamp":"14:44:20"}
{"level":"\u001b[33mwarn\u001b[39m","message":"\u001b[33mMongoDB disconnected — attempting reconnect…\u001b[39m","timestamp":"14:46:05"}
{"level":"\u001b[31merror\u001b[39m","message":"\u001b[31mMongoDB connection failed (attempt 1/5): querySrv ETIMEOUT _mongodb._tcp.cluster0.7vdtiqm.mongodb.net\u001b[39m","timestamp":"14:46:05"}
{"level":"\u001b[32minfo\u001b[39m","message":"\u001b[32mRetrying in 2s…\u001b[39m","timestamp":"14:46:05"}
{"level":"\u001b[31merror\u001b[39m","message":"\u001b[31mMongoDB runtime error: querySrv ETIMEOUT _mongodb._tcp.cluster0.7vdtiqm.mongodb.net\u001b[39m","timestamp":"14:46:05"}
{"level":"\u001b[32minfo\u001b[39m","message":"\u001b[32mMongoDB connected: ac-9rf7rpu-shard-00-00.7vdtiqm.mongodb.net\u001b[39m","timestamp":"14:46:07"}
{"level":"\u001b[33mwarn\u001b[39m","message":"\u001b[33mMongoDB disconnected — attempting reconnect…\u001b[39m","timestamp":"14:47:24"}
{"level":"\u001b[31merror\u001b[39m","message":"\u001b[31mMongoDB connection failed (attempt 1/5): querySrv ETIMEOUT _mongodb._tcp.cluster0.7vdtiqm.mongodb.net\u001b[39m","timestamp":"14:47:24"}
{"level":"\u001b[32minfo\u001b[39m","message":"\u001b[32mRetrying in 2s…\u001b[39m","timestamp":"14:47:24"}
{"level":"\u001b[31merror\u001b[39m","message":"\u001b[31mMongoDB runtime error: querySrv ETIMEOUT _mongodb._tcp.cluster0.7vdtiqm.mongodb.net\u001b[39m","timestamp":"14:47:24"}
{"level":"\u001b[32minfo\u001b[39m","message":"\u001b[32mMongoDB connected: ac-9rf7rpu-shard-00-00.7vdtiqm.mongodb.net\u001b[39m","timestamp":"14:47:26"}
{"level":"\u001b[33mwarn\u001b[39m","message":"\u001b[33mMongoDB disconnected — attempting reconnect…\u001b[39m","timestamp":"14:48:51"}
{"level":"\u001b[31merror\u001b[39m","message":"\u001b[31mMongoDB connection failed (attempt 1/5): querySrv ETIMEOUT _mongodb._tcp.cluster0.7vdtiqm.mongodb.net\u001b[39m","timestamp":"14:48:51"}
{"level":"\u001b[32minfo\u001b[39m","message":"\u001b[32mRetrying in 2s…\u001b[39m","timestamp":"14:48:51"}
{"level":"\u001b[31merror\u001b[39m","message":"\u001b[31mMongoDB runtime error: querySrv ETIMEOUT _mongodb._tcp.cluster0.7vdtiqm.mongodb.net\u001b[39m","timestamp":"14:48:51"}
{"level":"\u001b[32minfo\u001b[39m","message":"\u001b[32mMongoDB connected: ac-9rf7rpu-shard-00-00.7vdtiqm.mongodb.net\u001b[39m","timestamp":"14:48:53"}
{"level":"\u001b[33mwarn\u001b[39m","message":"\u001b[33mMongoDB disconnected — attempting reconnect…\u001b[39m","timestamp":"14:50:04"}
{"level":"\u001b[31merror\u001b[39m","message":"\u001b[31mMongoDB connection failed (attempt 1/5): querySrv ETIMEOUT _mongodb._tcp.cluster0.7vdtiqm.mongodb.net\u001b[39m","timestamp":"14:50:04"}
{"level":"\u001b[32minfo\u001b[39m","message":"\u001b[32mRetrying in 2s…\u001b[39m","timestamp":"14:50:04"}
{"level":"\u001b[31merror\u001b[39m","message":"\u001b[31mMongoDB runtime error: querySrv ETIMEOUT _mongodb._tcp.cluster0.7vdtiqm.mongodb.net\u001b[39m","timestamp":"14:50:04"}
{"level":"\u001b[32minfo\u001b[39m","message":"\u001b[32mMongoDB connected: ac-9rf7rpu-shard-00-00.7vdtiqm.mongodb.net\u001b[39m","timestamp":"14:50:06"}
{"level":"\u001b[33mwarn\u001b[39m","message":"\u001b[33mMongoDB disconnected — attempting reconnect…\u001b[39m","timestamp":"14:51:21"}
{"level":"\u001b[31merror\u001b[39m","message":"\u001b[31mMongoDB connection failed (attempt 1/5): querySrv ETIMEOUT _mongodb._tcp.cluster0.7vdtiqm.mongodb.net\u001b[39m","timestamp":"14:51:21"}
{"level":"\u001b[32minfo\u001b[39m","message":"\u001b[32mRetrying in 2s…\u001b[39m","timestamp":"14:51:21"}
{"level":"\u001b[31merror\u001b[39m","message":"\u001b[31mMongoDB runtime error: querySrv ETIMEOUT _mongodb._tcp.cluster0.7vdtiqm.mongodb.net\u001b[39m","timestamp":"14:51:21"}
{"level":"\u001b[32minfo\u001b[39m","message":"\u001b[32mMongoDB connected: ac-9rf7rpu-shard-00-00.7vdtiqm.mongodb.net\u001b[39m","timestamp":"14:51:23"}
{"level":"\u001b[33mwarn\u001b[39m","message":"\u001b[33mMongoDB disconnected — attempting reconnect…\u001b[39m","timestamp":"14:52:41"}
{"level":"\u001b[31merror\u001b[39m","message":"\u001b[31mMongoDB connection failed (attempt 1/5): querySrv ETIMEOUT _mongodb._tcp.cluster0.7vdtiqm.mongodb.net\u001b[39m","timestamp":"14:52:41"}
{"level":"\u001b[32minfo\u001b[39m","message":"\u001b[32mRetrying in 2s…\u001b[39m","timestamp":"14:52:41"}
{"level":"\u001b[31merror\u001b[39m","message":"\u001b[31mMongoDB runtime error: querySrv ETIMEOUT _mongodb._tcp.cluster0.7vdtiqm.mongodb.net\u001b[39m","timestamp":"14:52:41"}
{"level":"\u001b[32minfo\u001b[39m","message":"\u001b[32mMongoDB connected: ac-9rf7rpu-shard-00-00.7vdtiqm.mongodb.net\u001b[39m","timestamp":"14:52:43"}
{"level":"\u001b[33mwarn\u001b[39m","message":"\u001b[33mMongoDB disconnected — attempting reconnect…\u001b[39m","timestamp":"14:53:53"}
{"level":"\u001b[31merror\u001b[39m","message":"\u001b[31mMongoDB connection failed (attempt 1/5): querySrv ETIMEOUT _mongodb._tcp.cluster0.7vdtiqm.mongodb.net\u001b[39m","timestamp":"14:53:53"}
{"level":"\u001b[32minfo\u001b[39m","message":"\u001b[32mRetrying in 2s…\u001b[39m","timestamp":"14:53:53"}
{"level":"\u001b[31merror\u001b[39m","message":"\u001b[31mMongoDB runtime error: querySrv ETIMEOUT _mongodb._tcp.cluster0.7vdtiqm.mongodb.net\u001b[39m","timestamp":"14:53:53"}
{"level":"\u001b[32minfo\u001b[39m","message":"\u001b[32mMongoDB connected: ac-9rf7rpu-shard-00-00.7vdtiqm.mongodb.net\u001b[39m","timestamp":"14:53:55"}
{"level":"\u001b[33mwarn\u001b[39m","message":"\u001b[33mMongoDB disconnected — attempting reconnect…\u001b[39m","timestamp":"14:55:07"}
{"level":"\u001b[31merror\u001b[39m","message":"\u001b[31mMongoDB connection failed (attempt 1/5): querySrv ETIMEOUT _mongodb._tcp.cluster0.7vdtiqm.mongodb.net\u001b[39m","timestamp":"14:55:07"}
{"level":"\u001b[32minfo\u001b[39m","message":"\u001b[32mRetrying in 2s…\u001b[39m","timestamp":"14:55:07"}
{"level":"\u001b[31merror\u001b[39m","message":"\u001b[31mMongoDB runtime error: querySrv ETIMEOUT _mongodb._tcp.cluster0.7vdtiqm.mongodb.net\u001b[39m","timestamp":"14:55:07"}
{"level":"\u001b[32minfo\u001b[39m","message":"\u001b[32mMongoDB connected: ac-9rf7rpu-shard-00-00.7vdtiqm.mongodb.net\u001b[39m","timestamp":"14:55:09"}
{"level":"\u001b[33mwarn\u001b[39m","message":"\u001b[33mMongoDB disconnected — attempting reconnect…\u001b[39m","timestamp":"14:56:35"}
{"level":"\u001b[31merror\u001b[39m","message":"\u001b[31mMongoDB connection failed (attempt 1/5): querySrv ETIMEOUT _mongodb._tcp.cluster0.7vdtiqm.mongodb.net\u001b[39m","timestamp":"14:56:35"}
{"level":"\u001b[32minfo\u001b[39m","message":"\u001b[32mRetrying in 2s…\u001b[39m","timestamp":"14:56:35"}
{"level":"\u001b[31merror\u001b[39m","message":"\u001b[31mMongoDB runtime error: querySrv ETIMEOUT _mongodb._tcp.cluster0.7vdtiqm.mongodb.net\u001b[39m","timestamp":"14:56:35"}
{"level":"\u001b[32minfo\u001b[39m","message":"\u001b[32mMongoDB connected: ac-9rf7rpu-shard-00-00.7vdtiqm.mongodb.net\u001b[39m","timestamp":"14:56:37"}
{"level":"\u001b[33mwarn\u001b[39m","message":"\u001b[33mMongoDB disconnected — attempting reconnect…\u001b[39m","timestamp":"14:57:50"}
{"level":"\u001b[31merror\u001b[39m","message":"\u001b[31mMongoDB connection failed (attempt 1/5): querySrv ETIMEOUT _mongodb._tcp.cluster0.7vdtiqm.mongodb.net\u001b[39m","timestamp":"14:57:50"}
{"level":"\u001b[32minfo\u001b[39m","message":"\u001b[32mRetrying in 2s…\u001b[39m","timestamp":"14:57:50"}
{"level":"\u001b[31merror\u001b[39m","message":"\u001b[31mMongoDB runtime error: querySrv ETIMEOUT _mongodb._tcp.cluster0.7vdtiqm.mongodb.net\u001b[39m","timestamp":"14:57:50"}
{"level":"\u001b[32minfo\u001b[39m","message":"\u001b[32mMongoDB connected: ac-9rf7rpu-shard-00-00.7vdtiqm.mongodb.net\u001b[39m","timestamp":"14:57:52"}
{"level":"\u001b[33mwarn\u001b[39m","message":"\u001b[33mMongoDB disconnected — attempting reconnect…\u001b[39m","timestamp":"14:59:13"}
{"level":"\u001b[31merror\u001b[39m","message":"\u001b[31mMongoDB connection failed (attempt 1/5): querySrv ETIMEOUT _mongodb._tcp.cluster0.7vdtiqm.mongodb.net\u001b[39m","timestamp":"14:59:13"}
{"level":"\u001b[32minfo\u001b[39m","message":"\u001b[32mRetrying in 2s…\u001b[39m","timestamp":"14:59:13"}
{"level":"\u001b[31merror\u001b[39m","message":"\u001b[31mMongoDB runtime error: querySrv ETIMEOUT _mongodb._tcp.cluster0.7vdtiqm.mongodb.net\u001b[39m","timestamp":"14:59:13"}
{"level":"\u001b[32minfo\u001b[39m","message":"\u001b[32mMongoDB connected: ac-9rf7rpu-shard-00-00.7vdtiqm.mongodb.net\u001b[39m","timestamp":"14:59:15"}
{"level":"\u001b[33mwarn\u001b[39m","message":"\u001b[33mMongoDB disconnected — attempting reconnect…\u001b[39m","timestamp":"15:00:29"}
{"level":"\u001b[31merror\u001b[39m","message":"\u001b[31mMongoDB connection failed (attempt 1/5): querySrv ETIMEOUT _mongodb._tcp.cluster0.7vdtiqm.mongodb.net\u001b[39m","timestamp":"15:00:29"}
{"level":"\u001b[32minfo\u001b[39m","message":"\u001b[32mRetrying in 2s…\u001b[39m","timestamp":"15:00:29"}
{"level":"\u001b[31merror\u001b[39m","message":"\u001b[31mMongoDB runtime error: querySrv ETIMEOUT _mongodb._tcp.cluster0.7vdtiqm.mongodb.net\u001b[39m","timestamp":"15:00:29"}
{"level":"\u001b[32minfo\u001b[39m","message":"\u001b[32mMongoDB connected: ac-9rf7rpu-shard-00-00.7vdtiqm.mongodb.net\u001b[39m","timestamp":"15:00:31"}
{"level":"\u001b[33mwarn\u001b[39m","message":"\u001b[33mMongoDB disconnected — attempting reconnect…\u001b[39m","timestamp":"15:01:46"}
{"level":"\u001b[31merror\u001b[39m","message":"\u001b[31mMongoDB connection failed (attempt 1/5): querySrv ETIMEOUT _mongodb._tcp.cluster0.7vdtiqm.mongodb.net\u001b[39m","timestamp":"15:01:46"}
{"level":"\u001b[32minfo\u001b[39m","message":"\u001b[32mRetrying in 2s…\u001b[39m","timestamp":"15:01:46"}
{"level":"\u001b[31merror\u001b[39m","message":"\u001b[31mMongoDB runtime error: querySrv ETIMEOUT _mongodb._tcp.cluster0.7vdtiqm.mongodb.net\u001b[39m","timestamp":"15:01:46"}
{"level":"\u001b[32minfo\u001b[39m","message":"\u001b[32mMongoDB connected: ac-9rf7rpu-shard-00-00.7vdtiqm.mongodb.net\u001b[39m","timestamp":"15:01:48"}
{"level":"\u001b[33mwarn\u001b[39m","message":"\u001b[33mMongoDB disconnected — attempting reconnect…\u001b[39m","timestamp":"15:32:46"}
{"level":"\u001b[31merror\u001b[39m","message":"\u001b[31mMongoDB connection failed (attempt 1/5): querySrv ETIMEOUT _mongodb._tcp.cluster0.7vdtiqm.mongodb.net\u001b[39m","timestamp":"15:32:46"}
{"level":"\u001b[32minfo\u001b[39m","message":"\u001b[32mRetrying in 2s…\u001b[39m","timestamp":"15:32:46"}
{"level":"\u001b[31merror\u001b[39m","message":"\u001b[31mMongoDB runtime error: querySrv ETIMEOUT _mongodb._tcp.cluster0.7vdtiqm.mongodb.net\u001b[39m","timestamp":"15:32:46"}
{"level":"\u001b[32minfo\u001b[39m","message":"\u001b[32mMongoDB connected: ac-9rf7rpu-shard-00-00.7vdtiqm.mongodb.net\u001b[39m","timestamp":"15:32:48"}
{"level":"\u001b[33mwarn\u001b[39m","message":"\u001b[33mMongoDB disconnected — attempting reconnect…\u001b[39m","timestamp":"15:34:13"}
{"level":"\u001b[31merror\u001b[39m","message":"\u001b[31mMongoDB connection failed (attempt 1/5): querySrv ETIMEOUT _mongodb._tcp.cluster0.7vdtiqm.mongodb.net\u001b[39m","timestamp":"15:34:13"}
{"level":"\u001b[32minfo\u001b[39m","message":"\u001b[32mRetrying in 2s…\u001b[39m","timestamp":"15:34:13"}
{"level":"\u001b[31merror\u001b[39m","message":"\u001b[31mMongoDB runtime error: querySrv ETIMEOUT _mongodb._tcp.cluster0.7vdtiqm.mongodb.net\u001b[39m","timestamp":"15:34:13"}
{"level":"\u001b[32minfo\u001b[39m","message":"\u001b[32mMongoDB connected: ac-9rf7rpu-shard-00-00.7vdtiqm.mongodb.net\u001b[39m","timestamp":"15:34:15"}
{"level":"\u001b[33mwarn\u001b[39m","message":"\u001b[33mMongoDB disconnected — attempting reconnect…\u001b[39m","timestamp":"15:35:29"}
{"level":"\u001b[31merror\u001b[39m","message":"\u001b[31mMongoDB connection failed (attempt 1/5): querySrv ETIMEOUT _mongodb._tcp.cluster0.7vdtiqm.mongodb.net\u001b[39m","timestamp":"15:35:29"}
{"level":"\u001b[32minfo\u001b[39m","message":"\u001b[32mRetrying in 2s…\u001b[39m","timestamp":"15:35:29"}
{"level":"\u001b[31merror\u001b[39m","message":"\u001b[31mMongoDB runtime error: querySrv ETIMEOUT _mongodb._tcp.cluster0.7vdtiqm.mongodb.net\u001b[39m","timestamp":"15:35:29"}
{"level":"\u001b[32minfo\u001b[39m","message":"\u001b[32mMongoDB connected: ac-9rf7rpu-shard-00-00.7vdtiqm.mongodb.net\u001b[39m","timestamp":"15:35:31"}
{"level":"\u001b[33mwarn\u001b[39m","message":"\u001b[33mMongoDB disconnected — attempting reconnect…\u001b[39m","timestamp":"15:36:45"}
{"level":"\u001b[31merror\u001b[39m","message":"\u001b[31mMongoDB connection failed (attempt 1/5): querySrv ETIMEOUT _mongodb._tcp.cluster0.7vdtiqm.mongodb.net\u001b[39m","timestamp":"15:36:45"}
{"level":"\u001b[32minfo\u001b[39m","message":"\u001b[32mRetrying in 2s…\u001b[39m","timestamp":"15:36:45"}
{"level":"\u001b[31merror\u001b[39m","message":"\u001b[31mMongoDB runtime error: querySrv ETIMEOUT _mongodb._tcp.cluster0.7vdtiqm.mongodb.net\u001b[39m","timestamp":"15:36:45"}
{"level":"\u001b[32minfo\u001b[39m","message":"\u001b[32mMongoDB connected: ac-9rf7rpu-shard-00-00.7vdtiqm.mongodb.net\u001b[39m","timestamp":"15:36:47"}
{"level":"\u001b[33mwarn\u001b[39m","message":"\u001b[33mMongoDB disconnected — attempting reconnect…\u001b[39m","timestamp":"15:38:01"}
{"level":"\u001b[31merror\u001b[39m","message":"\u001b[31mMongoDB connection failed (attempt 1/5): querySrv ETIMEOUT _mongodb._tcp.cluster0.7vdtiqm.mongodb.net\u001b[39m","timestamp":"15:38:01"}
{"level":"\u001b[32minfo\u001b[39m","message":"\u001b[32mRetrying in 2s…\u001b[39m","timestamp":"15:38:01"}
{"level":"\u001b[31merror\u001b[39m","message":"\u001b[31mMongoDB runtime error: querySrv ETIMEOUT _mongodb._tcp.cluster0.7vdtiqm.mongodb.net\u001b[39m","timestamp":"15:38:01"}
{"level":"\u001b[32minfo\u001b[39m","message":"\u001b[32mMongoDB connected: ac-9rf7rpu-shard-00-00.7vdtiqm.mongodb.net\u001b[39m","timestamp":"15:38:03"}
{"level":"\u001b[33mwarn\u001b[39m","message":"\u001b[33mMongoDB disconnected — attempting reconnect…\u001b[39m","timestamp":"15:39:19"}
{"level":"\u001b[31merror\u001b[39m","message":"\u001b[31mMongoDB connection failed (attempt 1/5): querySrv ETIMEOUT _mongodb._tcp.cluster0.7vdtiqm.mongodb.net\u001b[39m","timestamp":"15:39:19"}
{"level":"\u001b[32minfo\u001b[39m","message":"\u001b[32mRetrying in 2s…\u001b[39m","timestamp":"15:39:19"}
{"level":"\u001b[31merror\u001b[39m","message":"\u001b[31mMongoDB runtime error: querySrv ETIMEOUT _mongodb._tcp.cluster0.7vdtiqm.mongodb.net\u001b[39m","timestamp":"15:39:19"}
{"level":"\u001b[32minfo\u001b[39m","message":"\u001b[32mMongoDB connected: ac-9rf7rpu-shard-00-00.7vdtiqm.mongodb.net\u001b[39m","timestamp":"15:39:21"}
{"level":"\u001b[33mwarn\u001b[39m","message":"\u001b[33mMongoDB disconnected — attempting reconnect…\u001b[39m","timestamp":"15:40:38"}
{"level":"\u001b[31merror\u001b[39m","message":"\u001b[31mMongoDB connection failed (attempt 1/5): querySrv ETIMEOUT _mongodb._tcp.cluster0.7vdtiqm.mongodb.net\u001b[39m","timestamp":"15:40:38"}
{"level":"\u001b[32minfo\u001b[39m","message":"\u001b[32mRetrying in 2s…\u001b[39m","timestamp":"15:40:38"}
{"level":"\u001b[31merror\u001b[39m","message":"\u001b[31mMongoDB runtime error: querySrv ETIMEOUT _mongodb._tcp.cluster0.7vdtiqm.mongodb.net\u001b[39m","timestamp":"15:40:38"}
{"level":"\u001b[32minfo\u001b[39m","message":"\u001b[32mMongoDB connected: ac-9rf7rpu-shard-00-00.7vdtiqm.mongodb.net\u001b[39m","timestamp":"15:40:40"}
{"level":"\u001b[33mwarn\u001b[39m","message":"\u001b[33mMongoDB disconnected — attempting reconnect…\u001b[39m","timestamp":"15:42:01"}
{"level":"\u001b[31merror\u001b[39m","message":"\u001b[31mMongoDB connection failed (attempt 1/5): querySrv ETIMEOUT _mongodb._tcp.cluster0.7vdtiqm.mongodb.net\u001b[39m","timestamp":"15:42:01"}
{"level":"\u001b[32minfo\u001b[39m","message":"\u001b[32mRetrying in 2s…\u001b[39m","timestamp":"15:42:01"}
{"level":"\u001b[31merror\u001b[39m","message":"\u001b[31mMongoDB runtime error: querySrv ETIMEOUT _mongodb._tcp.cluster0.7vdtiqm.mongodb.net\u001b[39m","timestamp":"15:42:01"}
{"level":"\u001b[32minfo\u001b[39m","message":"\u001b[32mMongoDB connected: ac-9rf7rpu-shard-00-00.7vdtiqm.mongodb.net\u001b[39m","timestamp":"15:42:03"}
{"level":"\u001b[33mwarn\u001b[39m","message":"\u001b[33mMongoDB disconnected — attempting reconnect…\u001b[39m","timestamp":"15:43:26"}
{"level":"\u001b[31merror\u001b[39m","message":"\u001b[31mMongoDB connection failed (attempt 1/5): querySrv ETIMEOUT _mongodb._tcp.cluster0.7vdtiqm.mongodb.net\u001b[39m","timestamp":"15:43:26"}
{"level":"\u001b[32minfo\u001b[39m","message":"\u001b[32mRetrying in 2s…\u001b[39m","timestamp":"15:43:26"}
{"level":"\u001b[31merror\u001b[39m","message":"\u001b[31mMongoDB runtime error: querySrv ETIMEOUT _mongodb._tcp.cluster0.7vdtiqm.mongodb.net\u001b[39m","timestamp":"15:43:26"}
{"level":"\u001b[32minfo\u001b[39m","message":"\u001b[32mMongoDB connected: ac-9rf7rpu-shard-00-00.7vdtiqm.mongodb.net\u001b[39m","timestamp":"15:43:28"}
{"level":"\u001b[33mwarn\u001b[39m","message":"\u001b[33mMongoDB disconnected — attempting reconnect…\u001b[39m","timestamp":"15:44:47"}
{"level":"\u001b[31merror\u001b[39m","message":"\u001b[31mMongoDB connection failed (attempt 1/5): querySrv ETIMEOUT _mongodb._tcp.cluster0.7vdtiqm.mongodb.net\u001b[39m","timestamp":"15:44:47"}
{"level":"\u001b[32minfo\u001b[39m","message":"\u001b[32mRetrying in 2s…\u001b[39m","timestamp":"15:44:47"}
{"level":"\u001b[31merror\u001b[39m","message":"\u001b[31mMongoDB runtime error: querySrv ETIMEOUT _mongodb._tcp.cluster0.7vdtiqm.mongodb.net\u001b[39m","timestamp":"15:44:47"}
{"level":"\u001b[32minfo\u001b[39m","message":"\u001b[32mMongoDB connected: ac-9rf7rpu-shard-00-00.7vdtiqm.mongodb.net\u001b[39m","timestamp":"15:44:49"}
{"level":"\u001b[33mwarn\u001b[39m","message":"\u001b[33mMongoDB disconnected — attempting reconnect…\u001b[39m","timestamp":"15:46:02"}
{"level":"\u001b[31merror\u001b[39m","message":"\u001b[31mMongoDB connection failed (attempt 1/5): querySrv ETIMEOUT _mongodb._tcp.cluster0.7vdtiqm.mongodb.net\u001b[39m","timestamp":"15:46:02"}
{"level":"\u001b[32minfo\u001b[39m","message":"\u001b[32mRetrying in 2s…\u001b[39m","timestamp":"15:46:02"}
{"level":"\u001b[31merror\u001b[39m","message":"\u001b[31mMongoDB runtime error: querySrv ETIMEOUT _mongodb._tcp.cluster0.7vdtiqm.mongodb.net\u001b[39m","timestamp":"15:46:02"}
{"level":"\u001b[32minfo\u001b[39m","message":"\u001b[32mMongoDB connected: ac-9rf7rpu-shard-00-00.7vdtiqm.mongodb.net\u001b[39m","timestamp":"15:46:04"}
{"level":"\u001b[33mwarn\u001b[39m","message":"\u001b[33mMongoDB disconnected — attempting reconnect…\u001b[39m","timestamp":"15:47:14"}
{"level":"\u001b[31merror\u001b[39m","message":"\u001b[31mMongoDB connection failed (attempt 1/5): querySrv ETIMEOUT _mongodb._tcp.cluster0.7vdtiqm.mongodb.net\u001b[39m","timestamp":"15:47:14"}
{"level":"\u001b[32minfo\u001b[39m","message":"\u001b[32mRetrying in 2s…\u001b[39m","timestamp":"15:47:14"}
{"level":"\u001b[31merror\u001b[39m","message":"\u001b[31mMongoDB runtime error: querySrv ETIMEOUT _mongodb._tcp.cluster0.7vdtiqm.mongodb.net\u001b[39m","timestamp":"15:47:14"}
{"level":"\u001b[32minfo\u001b[39m","message":"\u001b[32mMongoDB connected: ac-9rf7rpu-shard-00-00.7vdtiqm.mongodb.net\u001b[39m","timestamp":"15:47:16"}
{"level":"\u001b[32minfo\u001b[39m","message":"\u001b[32mMongoDB connected: ac-9rf7rpu-shard-00-01.7vdtiqm.mongodb.net\u001b[39m","timestamp":"19:11:16"}
{"level":"\u001b[33mwarn\u001b[39m","message":"\u001b[33mMongoDB disconnected — attempting reconnect…\u001b[39m","timestamp":"19:11:19"}
{"level":"\u001b[32minfo\u001b[39m","message":"\u001b[32mMongoDB connected: ac-9rf7rpu-shard-00-01.7vdtiqm.mongodb.net\u001b[39m","timestamp":"19:11:19"}
{"level":"\u001b[33mwarn\u001b[39m","message":"\u001b[33mMongoDB disconnected — attempting reconnect…\u001b[39m","timestamp":"19:55:47"}
{"level":"\u001b[32minfo\u001b[39m","message":"\u001b[32mMongoDB connected: ac-9rf7rpu-shard-00-02.7vdtiqm.mongodb.net\u001b[39m","timestamp":"19:55:48"}
{"level":"\u001b[33mwarn\u001b[39m","message":"\u001b[33mMongoDB disconnected — attempting reconnect…\u001b[39m","timestamp":"20:54:59"}
{"level":"\u001b[32minfo\u001b[39m","message":"\u001b[32mMongoDB connected: ac-9rf7rpu-shard-00-02.7vdtiqm.mongodb.net\u001b[39m","timestamp":"20:55:00"}
{"level":"\u001b[33mwarn\u001b[39m","message":"\u001b[33mMongoDB disconnected — attempting reconnect…\u001b[39m","timestamp":"20:55:00"}
{"level":"\u001b[32minfo\u001b[39m","message":"\u001b[32mMongoDB connected: ac-9rf7rpu-shard-00-02.7vdtiqm.mongodb.net\u001b[39m","timestamp":"20:55:01"}
{"level":"\u001b[33mwarn\u001b[39m","message":"\u001b[33mMongoDB disconnected — attempting reconnect…\u001b[39m","timestamp":"22:28:00"}
{"level":"\u001b[32minfo\u001b[39m","message":"\u001b[32mMongoDB connected: ac-9rf7rpu-shard-00-00.7vdtiqm.mongodb.net\u001b[39m","timestamp":"22:28:01"}
{"level":"\u001b[33mwarn\u001b[39m","message":"\u001b[33mMongoDB disconnected — attempting reconnect…\u001b[39m","timestamp":"08:54:03"}
{"level":"\u001b[32minfo\u001b[39m","message":"\u001b[32mMongoDB connected: ac-9rf7rpu-shard-00-02.7vdtiqm.mongodb.net\u001b[39m","timestamp":"08:54:03"}
{"level":"\u001b[33mwarn\u001b[39m","message":"\u001b[33mMongoDB disconnected — attempting reconnect…\u001b[39m","timestamp":"17:46:17"}
{"level":"\u001b[32minfo\u001b[39m","message":"\u001b[32mMongoDB connected: ac-9rf7rpu-shard-00-01.7vdtiqm.mongodb.net\u001b[39m","timestamp":"17:46:18"}
{"level":"\u001b[33mwarn\u001b[39m","message":"\u001b[33mMongoDB disconnected — attempting reconnect…\u001b[39m","timestamp":"19:25:13"}
{"level":"\u001b[32minfo\u001b[39m","message":"\u001b[32mMongoDB connected: ac-9rf7rpu-shard-00-02.7vdtiqm.mongodb.net\u001b[39m","timestamp":"19:25:18"}
{"level":"\u001b[33mwarn\u001b[39m","message":"\u001b[33mMongoDB disconnected — attempting reconnect…\u001b[39m","timestamp":"19:25:32"}
{"level":"\u001b[32minfo\u001b[39m","message":"\u001b[32mMongoDB connected: ac-9rf7rpu-shard-00-02.7vdtiqm.mongodb.net\u001b[39m","timestamp":"19:25:34"}
{"level":"\u001b[33mwarn\u001b[39m","message":"\u001b[33mMongoDB disconnected — attempting reconnect…\u001b[39m","timestamp":"19:02:06"}
{"level":"\u001b[31merror\u001b[39m","message":"\u001b[31mMongoDB connection failed (attempt 1/5): querySrv ENOTFOUND _mongodb._tcp.cluster0.7vdtiqm.mongodb.net\u001b[39m","timestamp":"19:02:06"}
{"level":"\u001b[32minfo\u001b[39m","message":"\u001b[32mRetrying in 2s…\u001b[39m","timestamp":"19:02:06"}
{"level":"\u001b[31merror\u001b[39m","message":"\u001b[31mMongoDB runtime error: querySrv ENOTFOUND _mongodb._tcp.cluster0.7vdtiqm.mongodb.net\u001b[39m","timestamp":"19:02:06"}
{"level":"\u001b[32minfo\u001b[39m","message":"\u001b[32mMedPredict API running on port 8000 [development]\u001b[39m","timestamp":"19:02:06"}
{"level":"\u001b[32minfo\u001b[39m","message":"\u001b[32mHealth check → http://localhost:8000/health\u001b[39m","timestamp":"19:02:06"}
{"level":"\u001b[33mwarn\u001b[39m","message":"\u001b[33mMongoDB disconnected — attempting reconnect…\u001b[39m","timestamp":"19:02:06"}
{"level":"\u001b[31merror\u001b[39m","message":"\u001b[31mMongoDB connection failed (attempt 2/5): querySrv ENOTFOUND _mongodb._tcp.cluster0.7vdtiqm.mongodb.net\u001b[39m","timestamp":"19:02:07"}
{"level":"\u001b[32minfo\u001b[39m","message":"\u001b[32mRetrying in 4s…\u001b[39m","timestamp":"19:02:07"}
{"level":"\u001b[31merror\u001b[39m","message":"\u001b[31mMongoDB runtime error: querySrv ENOTFOUND _mongodb._tcp.cluster0.7vdtiqm.mongodb.net\u001b[39m","timestamp":"19:02:07"}
{"level":"\u001b[33mwarn\u001b[39m","message":"\u001b[33mMongoDB disconnected — attempting reconnect…\u001b[39m","timestamp":"19:02:07"}
{"level":"\u001b[31merror\u001b[39m","message":"\u001b[31mMongoDB connection failed (attempt 3/5): querySrv ENOTFOUND _mongodb._tcp.cluster0.7vdtiqm.mongodb.net\u001b[39m","timestamp":"19:02:07"}
{"level":"\u001b[32minfo\u001b[39m","message":"\u001b[32mRetrying in 8s…\u001b[39m","timestamp":"19:02:07"}
{"level":"\u001b[31merror\u001b[39m","message":"\u001b[31mMongoDB runtime error: querySrv ENOTFOUND _mongodb._tcp.cluster0.7vdtiqm.mongodb.net\u001b[39m","timestamp":"19:02:07"}
{"level":"\u001b[33mwarn\u001b[39m","message":"\u001b[33mMongoDB disconnected — attempting reconnect…\u001b[39m","timestamp":"19:02:07"}
{"level":"\u001b[31merror\u001b[39m","message":"\u001b[31mMongoDB connection failed (attempt 4/5): querySrv ENOTFOUND _mongodb._tcp.cluster0.7vdtiqm.mongodb.net\u001b[39m","timestamp":"19:02:07"}
{"level":"\u001b[32minfo\u001b[39m","message":"\u001b[32mRetrying in 16s…\u001b[39m","timestamp":"19:02:07"}
{"level":"\u001b[31merror\u001b[39m","message":"\u001b[31mMongoDB runtime error: querySrv ENOTFOUND _mongodb._tcp.cluster0.7vdtiqm.mongodb.net\u001b[39m","timestamp":"19:02:07"}
{"level":"\u001b[32minfo\u001b[39m","message":"\u001b[32mMongoDB connected: ac-9rf7rpu-shard-00-01.7vdtiqm.mongodb.net\u001b[39m","timestamp":"19:14:04"}
{"level":"\u001b[32minfo\u001b[39m","message":"\u001b[32mMedPredict API running on port 8000 [development]\u001b[39m","timestamp":"19:14:04"}
{"level":"\u001b[32minfo\u001b[39m","message":"\u001b[32mHealth check → http://localhost:8000/health\u001b[39m","timestamp":"19:14:04"}
{"level":"\u001b[32minfo\u001b[39m","message":"\u001b[32mMongoDB connected: ac-9rf7rpu-shard-00-01.7vdtiqm.mongodb.net\u001b[39m","timestamp":"19:14:23"}
{"level":"\u001b[32minfo\u001b[39m","message":"\u001b[32mMedPredict API running on port 8000 [development]\u001b[39m","timestamp":"19:14:23"}
{"level":"\u001b[32minfo\u001b[39m","message":"\u001b[32mHealth check → http://localhost:8000/health\u001b[39m","timestamp":"19:14:23"}
{"level":"\u001b[34mdebug\u001b[39m","message":"\u001b[34m→ Flask GET http://127.0.0.1:5000/health\u001b[39m","timestamp":"19:14:53"}
{"level":"\u001b[34mdebug\u001b[39m","message":"\u001b[34m← Flask 200 /health\u001b[39m","timestamp":"19:14:53"}
{"level":"\u001b[34mdebug\u001b[39m","message":"\u001b[34mHealth check — mongo: connected, flask: reachable\u001b[39m","timestamp":"19:14:53"}
{"level":"\u001b[32mhttp\u001b[39m","message":"\u001b[32m\u001b[0mGET /health \u001b[32m200\u001b[0m 242.314 ms - 132\u001b[0m\u001b[39m","timestamp":"19:14:53"}
{"level":"\u001b[33mwarn\u001b[39m","message":"\u001b[33mGET /favicon.ico → 404: Route not found: GET /favicon.ico\u001b[39m","timestamp":"19:14:54"}
{"level":"\u001b[32mhttp\u001b[39m","message":"\u001b[32m\u001b[0mGET /favicon.ico \u001b[33m404\u001b[0m 2.135 ms - 1281\u001b[0m\u001b[39m","timestamp":"19:14:54"}
{"level":"\u001b[34mdebug\u001b[39m","message":"\u001b[34m→ Flask POST http://127.0.0.1:5000/predict/stroke\u001b[39m","timestamp":"19:19:28"}
{"level":"\u001b[34mdebug\u001b[39m","message":"\u001b[34m← Flask 200 /predict/stroke\u001b[39m","timestamp":"19:19:28"}
{"level":"\u001b[32minfo\u001b[39m","message":"\u001b[32mML prediction complete — disease: stroke, prediction: 1, risk: 0.8375, latency: 91ms\u001b[39m","timestamp":"19:19:28"}
{"level":"\u001b[32minfo\u001b[39m","message":"\u001b[32mPrediction saved — id: 6a3be0680407580eed1b1232, disease: stroke\u001b[39m","timestamp":"19:19:29"}
{"level":"\u001b[32mhttp\u001b[39m","message":"\u001b[32m\u001b[0mPOST /api/stroke \u001b[32m201\u001b[0m 306.490 ms - 269\u001b[0m\u001b[39m","timestamp":"19:19:29"}
{"level":"\u001b[33mwarn\u001b[39m","message":"\u001b[33mMongoDB disconnected — attempting reconnect…\u001b[39m","timestamp":"20:13:30"}
{"level":"\u001b[32minfo\u001b[39m","message":"\u001b[32mMongoDB connected: ac-9rf7rpu-shard-00-02.7vdtiqm.mongodb.net\u001b[39m","timestamp":"20:13:31"}
