{"level":"\u001b[31merror\u001b[39m","message":"\u001b[31mMongoDB connection failed (attempt 1/5): The `uri` parameter to `openUri()` must be a string, got \"undefined\". Make sure the first parameter to `mongoose.connect()` or `mongoose.createConnection()` is a string.\u001b[39m","timestamp":"17:37:04"}
{"level":"\u001b[31merror\u001b[39m","message":"\u001b[31mMongoDB runtime error: The `uri` parameter to `openUri()` must be a string, got \"undefined\". Make sure the first parameter to `mongoose.connect()` or `mongoose.createConnection()` is a string.\u001b[39m","timestamp":"17:37:04"}
{"level":"\u001b[31merror\u001b[39m","message":"\u001b[31mMongoDB connection failed (attempt 2/5): The `uri` parameter to `openUri()` must be a string, got \"undefined\". Make sure the first parameter to `mongoose.connect()` or `mongoose.createConnection()` is a string.\u001b[39m","timestamp":"17:37:06"}
{"level":"\u001b[31merror\u001b[39m","message":"\u001b[31mMongoDB runtime error: The `uri` parameter to `openUri()` must be a string, got \"undefined\". Make sure the first parameter to `mongoose.connect()` or `mongoose.createConnection()` is a string.\u001b[39m","timestamp":"17:37:06"}
{"level":"\u001b[31merror\u001b[39m","message":"\u001b[31mMongoDB connection failed (attempt 3/5): The `uri` parameter to `openUri()` must be a string, got \"undefined\". Make sure the first parameter to `mongoose.connect()` or `mongoose.createConnection()` is a string.\u001b[39m","timestamp":"17:37:10"}
{"level":"\u001b[31merror\u001b[39m","message":"\u001b[31mMongoDB runtime error: The `uri` parameter to `openUri()` must be a string, got \"undefined\". Make sure the first parameter to `mongoose.connect()` or `mongoose.createConnection()` is a string.\u001b[39m","timestamp":"17:37:10"}
{"level":"\u001b[31merror\u001b[39m","message":"\u001b[31mMongoDB connection failed (attempt 4/5): The `uri` parameter to `openUri()` must be a string, got \"undefined\". Make sure the first parameter to `mongoose.connect()` or `mongoose.createConnection()` is a string.\u001b[39m","timestamp":"17:37:18"}
{"level":"\u001b[31merror\u001b[39m","message":"\u001b[31mMongoDB runtime error: The `uri` parameter to `openUri()` must be a string, got \"undefined\". Make sure the first parameter to `mongoose.connect()` or `mongoose.createConnection()` is a string.\u001b[39m","timestamp":"17:37:18"}
{"level":"\u001b[31merror\u001b[39m","message":"\u001b[31mMongoDB connection failed (attempt 5/5): The `uri` parameter to `openUri()` must be a string, got \"undefined\". Make sure the first parameter to `mongoose.connect()` or `mongoose.createConnection()` is a string.\u001b[39m","timestamp":"17:37:34"}
{"level":"\u001b[31merror\u001b[39m","message":"\u001b[31mFlask ML service is unreachable (ECONNREFUSED)\u001b[39m","timestamp":"17:44:17"}
{"level":"\u001b[31merror\u001b[39m","message":"\u001b[31mOPTIONS /api/stroke → 500 CORS policy: origin \"http://localhost:5173\" not allowed\u001b[39m","stack":"Error: CORS policy: origin \"http://localhost:5173\" not allowed\n    at origin (file:///C:/Users/manya/Downloads/medpredict/server/src/app.js:29:8)\n    at C:\\Users\\manya\\Downloads\\medpredict\\server\\node_modules\\cors\\lib\\index.js:219:13\n    at optionsCallback (C:\\Users\\manya\\Downloads\\medpredict\\server\\node_modules\\cors\\lib\\index.js:199:9)\n    at corsMiddleware (C:\\Users\\manya\\Downloads\\medpredict\\server\\node_modules\\cors\\lib\\index.js:204:7)\n    at Layer.handle [as handle_request] (C:\\Users\\manya\\Downloads\\medpredict\\server\\node_modules\\express\\lib\\router\\layer.js:95:5)\n    at trim_prefix (C:\\Users\\manya\\Downloads\\medpredict\\server\\node_modules\\express\\lib\\router\\index.js:328:13)\n    at C:\\Users\\manya\\Downloads\\medpredict\\server\\node_modules\\express\\lib\\router\\index.js:286:9\n    at Function.process_params (C:\\Users\\manya\\Downloads\\medpredict\\server\\node_modules\\express\\lib\\router\\index.js:346:12)\n    at next (C:\\Users\\manya\\Downloads\\medpredict\\server\\node_modules\\express\\lib\\router\\index.js:280:10)\n    at internalNext (file:///C:/Users/manya/Downloads/medpredict/server/node_modules/helmet/index.mjs:533:6)","timestamp":"17:51:46"}
{"level":"\u001b[31merror\u001b[39m","message":"\u001b[31mOPTIONS /api/stroke → 500 CORS policy: origin \"http://localhost:5174\" not allowed\u001b[39m","stack":"Error: CORS policy: origin \"http://localhost:5174\" not allowed\n    at origin (file:///C:/Users/manya/Downloads/medpredict/server/src/app.js:29:8)\n    at C:\\Users\\manya\\Downloads\\medpredict\\server\\node_modules\\cors\\lib\\index.js:219:13\n    at optionsCallback (C:\\Users\\manya\\Downloads\\medpredict\\server\\node_modules\\cors\\lib\\index.js:199:9)\n    at corsMiddleware (C:\\Users\\manya\\Downloads\\medpredict\\server\\node_modules\\cors\\lib\\index.js:204:7)\n    at Layer.handle [as handle_request] (C:\\Users\\manya\\Downloads\\medpredict\\server\\node_modules\\express\\lib\\router\\layer.js:95:5)\n    at trim_prefix (C:\\Users\\manya\\Downloads\\medpredict\\server\\node_modules\\express\\lib\\router\\index.js:328:13)\n    at C:\\Users\\manya\\Downloads\\medpredict\\server\\node_modules\\express\\lib\\router\\index.js:286:9\n    at Function.process_params (C:\\Users\\manya\\Downloads\\medpredict\\server\\node_modules\\express\\lib\\router\\index.js:346:12)\n    at next (C:\\Users\\manya\\Downloads\\medpredict\\server\\node_modules\\express\\lib\\router\\index.js:280:10)\n    at internalNext (file:///C:/Users/manya/Downloads/medpredict/server/node_modules/helmet/index.mjs:533:6)","timestamp":"17:52:36"}
{"level":"\u001b[31merror\u001b[39m","message":"\u001b[31mOPTIONS /api/stroke → 500 CORS policy: origin \"http://localhost:5174\" not allowed\u001b[39m","stack":"Error: CORS policy: origin \"http://localhost:5174\" not allowed\n    at origin (file:///C:/Users/manya/Downloads/medpredict/server/src/app.js:29:8)\n    at C:\\Users\\manya\\Downloads\\medpredict\\server\\node_modules\\cors\\lib\\index.js:219:13\n    at optionsCallback (C:\\Users\\manya\\Downloads\\medpredict\\server\\node_modules\\cors\\lib\\index.js:199:9)\n    at corsMiddleware (C:\\Users\\manya\\Downloads\\medpredict\\server\\node_modules\\cors\\lib\\index.js:204:7)\n    at Layer.handle [as handle_request] (C:\\Users\\manya\\Downloads\\medpredict\\server\\node_modules\\express\\lib\\router\\layer.js:95:5)\n    at trim_prefix (C:\\Users\\manya\\Downloads\\medpredict\\server\\node_modules\\express\\lib\\router\\index.js:328:13)\n    at C:\\Users\\manya\\Downloads\\medpredict\\server\\node_modules\\express\\lib\\router\\index.js:286:9\n    at Function.process_params (C:\\Users\\manya\\Downloads\\medpredict\\server\\node_modules\\express\\lib\\router\\index.js:346:12)\n    at next (C:\\Users\\manya\\Downloads\\medpredict\\server\\node_modules\\express\\lib\\router\\index.js:280:10)\n    at internalNext (file:///C:/Users/manya/Downloads/medpredict/server/node_modules/helmet/index.mjs:533:6)","timestamp":"17:56:24"}
{"level":"\u001b[31merror\u001b[39m","message":"\u001b[31mOPTIONS /api/stroke → 500 CORS policy: origin \"http://localhost:5173\" not allowed\u001b[39m","stack":"Error: CORS policy: origin \"http://localhost:5173\" not allowed\n    at origin (file:///C:/Users/manya/Downloads/medpredict/server/src/app.js:29:8)\n    at C:\\Users\\manya\\Downloads\\medpredict\\server\\node_modules\\cors\\lib\\index.js:219:13\n    at optionsCallback (C:\\Users\\manya\\Downloads\\medpredict\\server\\node_modules\\cors\\lib\\index.js:199:9)\n    at corsMiddleware (C:\\Users\\manya\\Downloads\\medpredict\\server\\node_modules\\cors\\lib\\index.js:204:7)\n    at Layer.handle [as handle_request] (C:\\Users\\manya\\Downloads\\medpredict\\server\\node_modules\\express\\lib\\router\\layer.js:95:5)\n    at trim_prefix (C:\\Users\\manya\\Downloads\\medpredict\\server\\node_modules\\express\\lib\\router\\index.js:328:13)\n    at C:\\Users\\manya\\Downloads\\medpredict\\server\\node_modules\\express\\lib\\router\\index.js:286:9\n    at Function.process_params (C:\\Users\\manya\\Downloads\\medpredict\\server\\node_modules\\express\\lib\\router\\index.js:346:12)\n    at next (C:\\Users\\manya\\Downloads\\medpredict\\server\\node_modules\\express\\lib\\router\\index.js:280:10)\n    at internalNext (file:///C:/Users/manya/Downloads/medpredict/server/node_modules/helmet/index.mjs:533:6)","timestamp":"18:00:07"}
{"level":"\u001b[31merror\u001b[39m","message":"\u001b[31mOPTIONS /api/stroke → 500 CORS policy: origin \"http://localhost:5174\" not allowed\u001b[39m","stack":"Error: CORS policy: origin \"http://localhost:5174\" not allowed\n    at origin (file:///C:/Users/manya/Downloads/medpredict/server/src/app.js:29:8)\n    at C:\\Users\\manya\\Downloads\\medpredict\\server\\node_modules\\cors\\lib\\index.js:219:13\n    at optionsCallback (C:\\Users\\manya\\Downloads\\medpredict\\server\\node_modules\\cors\\lib\\index.js:199:9)\n    at corsMiddleware (C:\\Users\\manya\\Downloads\\medpredict\\server\\node_modules\\cors\\lib\\index.js:204:7)\n    at Layer.handle [as handle_request] (C:\\Users\\manya\\Downloads\\medpredict\\server\\node_modules\\express\\lib\\router\\layer.js:95:5)\n    at trim_prefix (C:\\Users\\manya\\Downloads\\medpredict\\server\\node_modules\\express\\lib\\router\\index.js:328:13)\n    at C:\\Users\\manya\\Downloads\\medpredict\\server\\node_modules\\express\\lib\\router\\index.js:286:9\n    at Function.process_params (C:\\Users\\manya\\Downloads\\medpredict\\server\\node_modules\\express\\lib\\router\\index.js:346:12)\n    at next (C:\\Users\\manya\\Downloads\\medpredict\\server\\node_modules\\express\\lib\\router\\index.js:280:10)\n    at internalNext (file:///C:/Users/manya/Downloads/medpredict/server/node_modules/helmet/index.mjs:533:6)","timestamp":"18:00:50"}
{"level":"\u001b[31merror\u001b[39m","message":"\u001b[31mOPTIONS /api/stroke → 500 CORS policy: origin \"http://localhost:5174\" not allowed\u001b[39m","stack":"Error: CORS policy: origin \"http://localhost:5174\" not allowed\n    at origin (file:///C:/Users/manya/Downloads/medpredict/server/src/app.js:29:8)\n    at C:\\Users\\manya\\Downloads\\medpredict\\server\\node_modules\\cors\\lib\\index.js:219:13\n    at optionsCallback (C:\\Users\\manya\\Downloads\\medpredict\\server\\node_modules\\cors\\lib\\index.js:199:9)\n    at corsMiddleware (C:\\Users\\manya\\Downloads\\medpredict\\server\\node_modules\\cors\\lib\\index.js:204:7)\n    at Layer.handle [as handle_request] (C:\\Users\\manya\\Downloads\\medpredict\\server\\node_modules\\express\\lib\\router\\layer.js:95:5)\n    at trim_prefix (C:\\Users\\manya\\Downloads\\medpredict\\server\\node_modules\\express\\lib\\router\\index.js:328:13)\n    at C:\\Users\\manya\\Downloads\\medpredict\\server\\node_modules\\express\\lib\\router\\index.js:286:9\n    at Function.process_params (C:\\Users\\manya\\Downloads\\medpredict\\server\\node_modules\\express\\lib\\router\\index.js:346:12)\n    at next (C:\\Users\\manya\\Downloads\\medpredict\\server\\node_modules\\express\\lib\\router\\index.js:280:10)\n    at internalNext (file:///C:/Users/manya/Downloads/medpredict/server/node_modules/helmet/index.mjs:533:6)","timestamp":"18:01:02"}
{"level":"\u001b[31merror\u001b[39m","message":"\u001b[31mOPTIONS /api/stroke → 500 CORS policy: origin \"http://localhost:5173\" not allowed\u001b[39m","stack":"Error: CORS policy: origin \"http://localhost:5173\" not allowed\n    at origin (file:///C:/Users/manya/Downloads/medpredict/server/src/app.js:29:8)\n    at C:\\Users\\manya\\Downloads\\medpredict\\server\\node_modules\\cors\\lib\\index.js:219:13\n    at optionsCallback (C:\\Users\\manya\\Downloads\\medpredict\\server\\node_modules\\cors\\lib\\index.js:199:9)\n    at corsMiddleware (C:\\Users\\manya\\Downloads\\medpredict\\server\\node_modules\\cors\\lib\\index.js:204:7)\n    at Layer.handle [as handle_request] (C:\\Users\\manya\\Downloads\\medpredict\\server\\node_modules\\express\\lib\\router\\layer.js:95:5)\n    at trim_prefix (C:\\Users\\manya\\Downloads\\medpredict\\server\\node_modules\\express\\lib\\router\\index.js:328:13)\n    at C:\\Users\\manya\\Downloads\\medpredict\\server\\node_modules\\express\\lib\\router\\index.js:286:9\n    at Function.process_params (C:\\Users\\manya\\Downloads\\medpredict\\server\\node_modules\\express\\lib\\router\\index.js:346:12)\n    at next (C:\\Users\\manya\\Downloads\\medpredict\\server\\node_modules\\express\\lib\\router\\index.js:280:10)\n    at internalNext (file:///C:/Users/manya/Downloads/medpredict/server/node_modules/helmet/index.mjs:533:6)","timestamp":"18:01:44"}
{"level":"\u001b[31merror\u001b[39m","message":"\u001b[31mOPTIONS /api/stroke → 500 CORS policy: origin \"http://localhost:5174\" not allowed\u001b[39m","stack":"Error: CORS policy: origin \"http://localhost:5174\" not allowed\n    at origin (file:///C:/Users/manya/Downloads/medpredict/server/src/app.js:29:8)\n    at C:\\Users\\manya\\Downloads\\medpredict\\server\\node_modules\\cors\\lib\\index.js:219:13\n    at optionsCallback (C:\\Users\\manya\\Downloads\\medpredict\\server\\node_modules\\cors\\lib\\index.js:199:9)\n    at corsMiddleware (C:\\Users\\manya\\Downloads\\medpredict\\server\\node_modules\\cors\\lib\\index.js:204:7)\n    at Layer.handle [as handle_request] (C:\\Users\\manya\\Downloads\\medpredict\\server\\node_modules\\express\\lib\\router\\layer.js:95:5)\n    at trim_prefix (C:\\Users\\manya\\Downloads\\medpredict\\server\\node_modules\\express\\lib\\router\\index.js:328:13)\n    at C:\\Users\\manya\\Downloads\\medpredict\\server\\node_modules\\express\\lib\\router\\index.js:286:9\n    at Function.process_params (C:\\Users\\manya\\Downloads\\medpredict\\server\\node_modules\\express\\lib\\router\\index.js:346:12)\n    at next (C:\\Users\\manya\\Downloads\\medpredict\\server\\node_modules\\express\\lib\\router\\index.js:280:10)\n    at internalNext (file:///C:/Users/manya/Downloads/medpredict/server/node_modules/helmet/index.mjs:533:6)","timestamp":"18:01:51"}
{"level":"\u001b[31merror\u001b[39m","message":"\u001b[31mMongoDB connection failed (attempt 1/5): querySrv ETIMEOUT _mongodb._tcp.cluster0.7vdtiqm.mongodb.net\u001b[39m","timestamp":"14:26:05"}
{"level":"\u001b[31merror\u001b[39m","message":"\u001b[31mMongoDB runtime error: querySrv ETIMEOUT _mongodb._tcp.cluster0.7vdtiqm.mongodb.net\u001b[39m","timestamp":"14:26:05"}
{"level":"\u001b[31merror\u001b[39m","message":"\u001b[31mMongoDB connection failed (attempt 1/5): querySrv ETIMEOUT _mongodb._tcp.cluster0.7vdtiqm.mongodb.net\u001b[39m","timestamp":"14:27:20"}
{"level":"\u001b[31merror\u001b[39m","message":"\u001b[31mMongoDB runtime error: querySrv ETIMEOUT _mongodb._tcp.cluster0.7vdtiqm.mongodb.net\u001b[39m","timestamp":"14:27:20"}
{"level":"\u001b[31merror\u001b[39m","message":"\u001b[31mMongoDB connection failed (attempt 1/5): querySrv ETIMEOUT _mongodb._tcp.cluster0.7vdtiqm.mongodb.net\u001b[39m","timestamp":"14:28:37"}
{"level":"\u001b[31merror\u001b[39m","message":"\u001b[31mMongoDB runtime error: querySrv ETIMEOUT _mongodb._tcp.cluster0.7vdtiqm.mongodb.net\u001b[39m","timestamp":"14:28:37"}
{"level":"\u001b[31merror\u001b[39m","message":"\u001b[31mMongoDB connection failed (attempt 1/5): querySrv ETIMEOUT _mongodb._tcp.cluster0.7vdtiqm.mongodb.net\u001b[39m","timestamp":"14:29:54"}
{"level":"\u001b[31merror\u001b[39m","message":"\u001b[31mMongoDB runtime error: querySrv ETIMEOUT _mongodb._tcp.cluster0.7vdtiqm.mongodb.net\u001b[39m","timestamp":"14:29:54"}
{"level":"\u001b[31merror\u001b[39m","message":"\u001b[31mMongoDB connection failed (attempt 1/5): querySrv ETIMEOUT _mongodb._tcp.cluster0.7vdtiqm.mongodb.net\u001b[39m","timestamp":"14:31:15"}
{"level":"\u001b[31merror\u001b[39m","message":"\u001b[31mMongoDB runtime error: querySrv ETIMEOUT _mongodb._tcp.cluster0.7vdtiqm.mongodb.net\u001b[39m","timestamp":"14:31:15"}
{"level":"\u001b[31merror\u001b[39m","message":"\u001b[31mMongoDB connection failed (attempt 1/5): querySrv ETIMEOUT _mongodb._tcp.cluster0.7vdtiqm.mongodb.net\u001b[39m","timestamp":"14:32:32"}
{"level":"\u001b[31merror\u001b[39m","message":"\u001b[31mMongoDB runtime error: querySrv ETIMEOUT _mongodb._tcp.cluster0.7vdtiqm.mongodb.net\u001b[39m","timestamp":"14:32:32"}
{"level":"\u001b[31merror\u001b[39m","message":"\u001b[31mMongoDB connection failed (attempt 1/5): querySrv ETIMEOUT _mongodb._tcp.cluster0.7vdtiqm.mongodb.net\u001b[39m","timestamp":"14:33:49"}
{"level":"\u001b[31merror\u001b[39m","message":"\u001b[31mMongoDB runtime error: querySrv ETIMEOUT _mongodb._tcp.cluster0.7vdtiqm.mongodb.net\u001b[39m","timestamp":"14:33:49"}
{"level":"\u001b[31merror\u001b[39m","message":"\u001b[31mMongoDB connection failed (attempt 1/5): querySrv ETIMEOUT _mongodb._tcp.cluster0.7vdtiqm.mongodb.net\u001b[39m","timestamp":"14:35:10"}
{"level":"\u001b[31merror\u001b[39m","message":"\u001b[31mMongoDB runtime error: querySrv ETIMEOUT _mongodb._tcp.cluster0.7vdtiqm.mongodb.net\u001b[39m","timestamp":"14:35:10"}
{"level":"\u001b[31merror\u001b[39m","message":"\u001b[31mMongoDB connection failed (attempt 1/5): querySrv ETIMEOUT _mongodb._tcp.cluster0.7vdtiqm.mongodb.net\u001b[39m","timestamp":"14:36:28"}
{"level":"\u001b[31merror\u001b[39m","message":"\u001b[31mMongoDB runtime error: querySrv ETIMEOUT _mongodb._tcp.cluster0.7vdtiqm.mongodb.net\u001b[39m","timestamp":"14:36:28"}
{"level":"\u001b[31merror\u001b[39m","message":"\u001b[31mMongoDB connection failed (attempt 1/5): querySrv ETIMEOUT _mongodb._tcp.cluster0.7vdtiqm.mongodb.net\u001b[39m","timestamp":"14:37:47"}
{"level":"\u001b[31merror\u001b[39m","message":"\u001b[31mMongoDB runtime error: querySrv ETIMEOUT _mongodb._tcp.cluster0.7vdtiqm.mongodb.net\u001b[39m","timestamp":"14:37:47"}
{"level":"\u001b[31merror\u001b[39m","message":"\u001b[31mMongoDB connection failed (attempt 1/5): querySrv ETIMEOUT _mongodb._tcp.cluster0.7vdtiqm.mongodb.net\u001b[39m","timestamp":"14:39:07"}
{"level":"\u001b[31merror\u001b[39m","message":"\u001b[31mMongoDB runtime error: querySrv ETIMEOUT _mongodb._tcp.cluster0.7vdtiqm.mongodb.net\u001b[39m","timestamp":"14:39:07"}
{"level":"\u001b[31merror\u001b[39m","message":"\u001b[31mMongoDB connection failed (attempt 1/5): querySrv ETIMEOUT _mongodb._tcp.cluster0.7vdtiqm.mongodb.net\u001b[39m","timestamp":"14:40:24"}
{"level":"\u001b[31merror\u001b[39m","message":"\u001b[31mMongoDB runtime error: querySrv ETIMEOUT _mongodb._tcp.cluster0.7vdtiqm.mongodb.net\u001b[39m","timestamp":"14:40:24"}
{"level":"\u001b[31merror\u001b[39m","message":"\u001b[31mMongoDB connection failed (attempt 1/5): querySrv ETIMEOUT _mongodb._tcp.cluster0.7vdtiqm.mongodb.net\u001b[39m","timestamp":"14:41:41"}
{"level":"\u001b[31merror\u001b[39m","message":"\u001b[31mMongoDB runtime error: querySrv ETIMEOUT _mongodb._tcp.cluster0.7vdtiqm.mongodb.net\u001b[39m","timestamp":"14:41:41"}
{"level":"\u001b[31merror\u001b[39m","message":"\u001b[31mMongoDB connection failed (attempt 1/5): querySrv ETIMEOUT _mongodb._tcp.cluster0.7vdtiqm.mongodb.net\u001b[39m","timestamp":"14:42:59"}
{"level":"\u001b[31merror\u001b[39m","message":"\u001b[31mMongoDB runtime error: querySrv ETIMEOUT _mongodb._tcp.cluster0.7vdtiqm.mongodb.net\u001b[39m","timestamp":"14:42:59"}
{"level":"\u001b[31merror\u001b[39m","message":"\u001b[31mMongoDB connection failed (attempt 1/5): querySrv ETIMEOUT _mongodb._tcp.cluster0.7vdtiqm.mongodb.net\u001b[39m","timestamp":"14:44:18"}
{"level":"\u001b[31merror\u001b[39m","message":"\u001b[31mMongoDB runtime error: querySrv ETIMEOUT _mongodb._tcp.cluster0.7vdtiqm.mongodb.net\u001b[39m","timestamp":"14:44:18"}
{"level":"\u001b[31merror\u001b[39m","message":"\u001b[31mMongoDB connection failed (attempt 1/5): querySrv ETIMEOUT _mongodb._tcp.cluster0.7vdtiqm.mongodb.net\u001b[39m","timestamp":"14:46:05"}
{"level":"\u001b[31merror\u001b[39m","message":"\u001b[31mMongoDB runtime error: querySrv ETIMEOUT _mongodb._tcp.cluster0.7vdtiqm.mongodb.net\u001b[39m","timestamp":"14:46:05"}
{"level":"\u001b[31merror\u001b[39m","message":"\u001b[31mMongoDB connection failed (attempt 1/5): querySrv ETIMEOUT _mongodb._tcp.cluster0.7vdtiqm.mongodb.net\u001b[39m","timestamp":"14:47:24"}
{"level":"\u001b[31merror\u001b[39m","message":"\u001b[31mMongoDB runtime error: querySrv ETIMEOUT _mongodb._tcp.cluster0.7vdtiqm.mongodb.net\u001b[39m","timestamp":"14:47:24"}
{"level":"\u001b[31merror\u001b[39m","message":"\u001b[31mMongoDB connection failed (attempt 1/5): querySrv ETIMEOUT _mongodb._tcp.cluster0.7vdtiqm.mongodb.net\u001b[39m","timestamp":"14:48:51"}
{"level":"\u001b[31merror\u001b[39m","message":"\u001b[31mMongoDB runtime error: querySrv ETIMEOUT _mongodb._tcp.cluster0.7vdtiqm.mongodb.net\u001b[39m","timestamp":"14:48:51"}
{"level":"\u001b[31merror\u001b[39m","message":"\u001b[31mMongoDB connection failed (attempt 1/5): querySrv ETIMEOUT _mongodb._tcp.cluster0.7vdtiqm.mongodb.net\u001b[39m","timestamp":"14:50:04"}
{"level":"\u001b[31merror\u001b[39m","message":"\u001b[31mMongoDB runtime error: querySrv ETIMEOUT _mongodb._tcp.cluster0.7vdtiqm.mongodb.net\u001b[39m","timestamp":"14:50:04"}
{"level":"\u001b[31merror\u001b[39m","message":"\u001b[31mMongoDB connection failed (attempt 1/5): querySrv ETIMEOUT _mongodb._tcp.cluster0.7vdtiqm.mongodb.net\u001b[39m","timestamp":"14:51:21"}
{"level":"\u001b[31merror\u001b[39m","message":"\u001b[31mMongoDB runtime error: querySrv ETIMEOUT _mongodb._tcp.cluster0.7vdtiqm.mongodb.net\u001b[39m","timestamp":"14:51:21"}
{"level":"\u001b[31merror\u001b[39m","message":"\u001b[31mMongoDB connection failed (attempt 1/5): querySrv ETIMEOUT _mongodb._tcp.cluster0.7vdtiqm.mongodb.net\u001b[39m","timestamp":"14:52:41"}
{"level":"\u001b[31merror\u001b[39m","message":"\u001b[31mMongoDB runtime error: querySrv ETIMEOUT _mongodb._tcp.cluster0.7vdtiqm.mongodb.net\u001b[39m","timestamp":"14:52:41"}
{"level":"\u001b[31merror\u001b[39m","message":"\u001b[31mMongoDB connection failed (attempt 1/5): querySrv ETIMEOUT _mongodb._tcp.cluster0.7vdtiqm.mongodb.net\u001b[39m","timestamp":"14:53:53"}
{"level":"\u001b[31merror\u001b[39m","message":"\u001b[31mMongoDB runtime error: querySrv ETIMEOUT _mongodb._tcp.cluster0.7vdtiqm.mongodb.net\u001b[39m","timestamp":"14:53:53"}
{"level":"\u001b[31merror\u001b[39m","message":"\u001b[31mMongoDB connection failed (attempt 1/5): querySrv ETIMEOUT _mongodb._tcp.cluster0.7vdtiqm.mongodb.net\u001b[39m","timestamp":"14:55:07"}
{"level":"\u001b[31merror\u001b[39m","message":"\u001b[31mMongoDB runtime error: querySrv ETIMEOUT _mongodb._tcp.cluster0.7vdtiqm.mongodb.net\u001b[39m","timestamp":"14:55:07"}
{"level":"\u001b[31merror\u001b[39m","message":"\u001b[31mMongoDB connection failed (attempt 1/5): querySrv ETIMEOUT _mongodb._tcp.cluster0.7vdtiqm.mongodb.net\u001b[39m","timestamp":"14:56:35"}
{"level":"\u001b[31merror\u001b[39m","message":"\u001b[31mMongoDB runtime error: querySrv ETIMEOUT _mongodb._tcp.cluster0.7vdtiqm.mongodb.net\u001b[39m","timestamp":"14:56:35"}
{"level":"\u001b[31merror\u001b[39m","message":"\u001b[31mMongoDB connection failed (attempt 1/5): querySrv ETIMEOUT _mongodb._tcp.cluster0.7vdtiqm.mongodb.net\u001b[39m","timestamp":"14:57:50"}
{"level":"\u001b[31merror\u001b[39m","message":"\u001b[31mMongoDB runtime error: querySrv ETIMEOUT _mongodb._tcp.cluster0.7vdtiqm.mongodb.net\u001b[39m","timestamp":"14:57:50"}
{"level":"\u001b[31merror\u001b[39m","message":"\u001b[31mMongoDB connection failed (attempt 1/5): querySrv ETIMEOUT _mongodb._tcp.cluster0.7vdtiqm.mongodb.net\u001b[39m","timestamp":"14:59:13"}
{"level":"\u001b[31merror\u001b[39m","message":"\u001b[31mMongoDB runtime error: querySrv ETIMEOUT _mongodb._tcp.cluster0.7vdtiqm.mongodb.net\u001b[39m","timestamp":"14:59:13"}
{"level":"\u001b[31merror\u001b[39m","message":"\u001b[31mMongoDB connection failed (attempt 1/5): querySrv ETIMEOUT _mongodb._tcp.cluster0.7vdtiqm.mongodb.net\u001b[39m","timestamp":"15:00:29"}
{"level":"\u001b[31merror\u001b[39m","message":"\u001b[31mMongoDB runtime error: querySrv ETIMEOUT _mongodb._tcp.cluster0.7vdtiqm.mongodb.net\u001b[39m","timestamp":"15:00:29"}
{"level":"\u001b[31merror\u001b[39m","message":"\u001b[31mMongoDB connection failed (attempt 1/5): querySrv ETIMEOUT _mongodb._tcp.cluster0.7vdtiqm.mongodb.net\u001b[39m","timestamp":"15:01:46"}
{"level":"\u001b[31merror\u001b[39m","message":"\u001b[31mMongoDB runtime error: querySrv ETIMEOUT _mongodb._tcp.cluster0.7vdtiqm.mongodb.net\u001b[39m","timestamp":"15:01:46"}
{"level":"\u001b[31merror\u001b[39m","message":"\u001b[31mMongoDB connection failed (attempt 1/5): querySrv ETIMEOUT _mongodb._tcp.cluster0.7vdtiqm.mongodb.net\u001b[39m","timestamp":"15:32:46"}
{"level":"\u001b[31merror\u001b[39m","message":"\u001b[31mMongoDB runtime error: querySrv ETIMEOUT _mongodb._tcp.cluster0.7vdtiqm.mongodb.net\u001b[39m","timestamp":"15:32:46"}
{"level":"\u001b[31merror\u001b[39m","message":"\u001b[31mMongoDB connection failed (attempt 1/5): querySrv ETIMEOUT _mongodb._tcp.cluster0.7vdtiqm.mongodb.net\u001b[39m","timestamp":"15:34:13"}
{"level":"\u001b[31merror\u001b[39m","message":"\u001b[31mMongoDB runtime error: querySrv ETIMEOUT _mongodb._tcp.cluster0.7vdtiqm.mongodb.net\u001b[39m","timestamp":"15:34:13"}
{"level":"\u001b[31merror\u001b[39m","message":"\u001b[31mMongoDB connection failed (attempt 1/5): querySrv ETIMEOUT _mongodb._tcp.cluster0.7vdtiqm.mongodb.net\u001b[39m","timestamp":"15:35:29"}
{"level":"\u001b[31merror\u001b[39m","message":"\u001b[31mMongoDB runtime error: querySrv ETIMEOUT _mongodb._tcp.cluster0.7vdtiqm.mongodb.net\u001b[39m","timestamp":"15:35:29"}
{"level":"\u001b[31merror\u001b[39m","message":"\u001b[31mMongoDB connection failed (attempt 1/5): querySrv ETIMEOUT _mongodb._tcp.cluster0.7vdtiqm.mongodb.net\u001b[39m","timestamp":"15:36:45"}
{"level":"\u001b[31merror\u001b[39m","message":"\u001b[31mMongoDB runtime error: querySrv ETIMEOUT _mongodb._tcp.cluster0.7vdtiqm.mongodb.net\u001b[39m","timestamp":"15:36:45"}
{"level":"\u001b[31merror\u001b[39m","message":"\u001b[31mMongoDB connection failed (attempt 1/5): querySrv ETIMEOUT _mongodb._tcp.cluster0.7vdtiqm.mongodb.net\u001b[39m","timestamp":"15:38:01"}
{"level":"\u001b[31merror\u001b[39m","message":"\u001b[31mMongoDB runtime error: querySrv ETIMEOUT _mongodb._tcp.cluster0.7vdtiqm.mongodb.net\u001b[39m","timestamp":"15:38:01"}
{"level":"\u001b[31merror\u001b[39m","message":"\u001b[31mMongoDB connection failed (attempt 1/5): querySrv ETIMEOUT _mongodb._tcp.cluster0.7vdtiqm.mongodb.net\u001b[39m","timestamp":"15:39:19"}
{"level":"\u001b[31merror\u001b[39m","message":"\u001b[31mMongoDB runtime error: querySrv ETIMEOUT _mongodb._tcp.cluster0.7vdtiqm.mongodb.net\u001b[39m","timestamp":"15:39:19"}
{"level":"\u001b[31merror\u001b[39m","message":"\u001b[31mMongoDB connection failed (attempt 1/5): querySrv ETIMEOUT _mongodb._tcp.cluster0.7vdtiqm.mongodb.net\u001b[39m","timestamp":"15:40:38"}
{"level":"\u001b[31merror\u001b[39m","message":"\u001b[31mMongoDB runtime error: querySrv ETIMEOUT _mongodb._tcp.cluster0.7vdtiqm.mongodb.net\u001b[39m","timestamp":"15:40:38"}
{"level":"\u001b[31merror\u001b[39m","message":"\u001b[31mMongoDB connection failed (attempt 1/5): querySrv ETIMEOUT _mongodb._tcp.cluster0.7vdtiqm.mongodb.net\u001b[39m","timestamp":"15:42:01"}
{"level":"\u001b[31merror\u001b[39m","message":"\u001b[31mMongoDB runtime error: querySrv ETIMEOUT _mongodb._tcp.cluster0.7vdtiqm.mongodb.net\u001b[39m","timestamp":"15:42:01"}
{"level":"\u001b[31merror\u001b[39m","message":"\u001b[31mMongoDB connection failed (attempt 1/5): querySrv ETIMEOUT _mongodb._tcp.cluster0.7vdtiqm.mongodb.net\u001b[39m","timestamp":"15:43:26"}
{"level":"\u001b[31merror\u001b[39m","message":"\u001b[31mMongoDB runtime error: querySrv ETIMEOUT _mongodb._tcp.cluster0.7vdtiqm.mongodb.net\u001b[39m","timestamp":"15:43:26"}
{"level":"\u001b[31merror\u001b[39m","message":"\u001b[31mMongoDB connection failed (attempt 1/5): querySrv ETIMEOUT _mongodb._tcp.cluster0.7vdtiqm.mongodb.net\u001b[39m","timestamp":"15:44:47"}
{"level":"\u001b[31merror\u001b[39m","message":"\u001b[31mMongoDB runtime error: querySrv ETIMEOUT _mongodb._tcp.cluster0.7vdtiqm.mongodb.net\u001b[39m","timestamp":"15:44:47"}
{"level":"\u001b[31merror\u001b[39m","message":"\u001b[31mMongoDB connection failed (attempt 1/5): querySrv ETIMEOUT _mongodb._tcp.cluster0.7vdtiqm.mongodb.net\u001b[39m","timestamp":"15:46:02"}
{"level":"\u001b[31merror\u001b[39m","message":"\u001b[31mMongoDB runtime error: querySrv ETIMEOUT _mongodb._tcp.cluster0.7vdtiqm.mongodb.net\u001b[39m","timestamp":"15:46:02"}
{"level":"\u001b[31merror\u001b[39m","message":"\u001b[31mMongoDB connection failed (attempt 1/5): querySrv ETIMEOUT _mongodb._tcp.cluster0.7vdtiqm.mongodb.net\u001b[39m","timestamp":"15:47:14"}
{"level":"\u001b[31merror\u001b[39m","message":"\u001b[31mMongoDB runtime error: querySrv ETIMEOUT _mongodb._tcp.cluster0.7vdtiqm.mongodb.net\u001b[39m","timestamp":"15:47:14"}
{"level":"\u001b[31merror\u001b[39m","message":"\u001b[31mMongoDB connection failed (attempt 1/5): querySrv ENOTFOUND _mongodb._tcp.cluster0.7vdtiqm.mongodb.net\u001b[39m","timestamp":"19:02:06"}
{"level":"\u001b[31merror\u001b[39m","message":"\u001b[31mMongoDB runtime error: querySrv ENOTFOUND _mongodb._tcp.cluster0.7vdtiqm.mongodb.net\u001b[39m","timestamp":"19:02:06"}
{"level":"\u001b[31merror\u001b[39m","message":"\u001b[31mMongoDB connection failed (attempt 2/5): querySrv ENOTFOUND _mongodb._tcp.cluster0.7vdtiqm.mongodb.net\u001b[39m","timestamp":"19:02:07"}
{"level":"\u001b[31merror\u001b[39m","message":"\u001b[31mMongoDB runtime error: querySrv ENOTFOUND _mongodb._tcp.cluster0.7vdtiqm.mongodb.net\u001b[39m","timestamp":"19:02:07"}
{"level":"\u001b[31merror\u001b[39m","message":"\u001b[31mMongoDB connection failed (attempt 3/5): querySrv ENOTFOUND _mongodb._tcp.cluster0.7vdtiqm.mongodb.net\u001b[39m","timestamp":"19:02:07"}
{"level":"\u001b[31merror\u001b[39m","message":"\u001b[31mMongoDB runtime error: querySrv ENOTFOUND _mongodb._tcp.cluster0.7vdtiqm.mongodb.net\u001b[39m","timestamp":"19:02:07"}
{"level":"\u001b[31merror\u001b[39m","message":"\u001b[31mMongoDB connection failed (attempt 4/5): querySrv ENOTFOUND _mongodb._tcp.cluster0.7vdtiqm.mongodb.net\u001b[39m","timestamp":"19:02:07"}
{"level":"\u001b[31merror\u001b[39m","message":"\u001b[31mMongoDB runtime error: querySrv ENOTFOUND _mongodb._tcp.cluster0.7vdtiqm.mongodb.net\u001b[39m","timestamp":"19:02:07"}
